<?xml version="1.0" encoding="UTF-8"?>
<!-- Generated by org.testng.reporters.JUnitXMLReporter -->
<testsuite hostname="NODTBSD176AG" name="Firefox Result" tests="3" failures="1" timestamp="24 Jul 2015 05:49:57 GMT" time="27.694" errors="0">
  <testcase name="Login" time="5.662" classname="testcase.Improve_resume"/>
  <testcase name="Improve_Resume_hover" time="4.497" classname="testcase.Improve_resume"/>
  <testcase name="Improve_Resume_hover" time="4.498" classname="testcase.Improve_resume">
    <failure type="java.lang.ArrayIndexOutOfBoundsException" message="0">
      <![CDATA[java.lang.ArrayIndexOutOfBoundsException: 0
	at util.OnFailure.onTestSuccess(OnFailure.java:22)
... Removed 21 stack frames]]>
    </failure>
  </testcase> <!-- Improve_Resume_hover -->
</testsuite> <!-- Firefox Result -->
