<?xml version="1.0" encoding="UTF-8"?>
<testsuite name="Firefox Result"
           tests="9"
           failures="0"
           errors="0"
           skipped="0"
           time="31.700">
  <properties />
  
  
            <testcase name="Click_MR_Internation_SeniorLevel_Tab" time="1.977" classname="testcase.Magic_Resume_India" />
                <testcase name="Click_MR_India_MidLevel_Tab" time="1.914" classname="testcase.Magic_Resume_India" />
                <testcase name="click_MR_Internation_Button" time="1.864" classname="testcase.Magic_Resume_India" />
                <testcase name="Click_MR_India_SeniorLevel_Tab" time="1.575" classname="testcase.Magic_Resume_India" />
                <testcase name="Click_MR_Internation_MidLevel_Tab" time="3.500" classname="testcase.Magic_Resume_India" />
                <testcase name="click_MR_India_Button" time="7.005" classname="testcase.Magic_Resume_India" />
                <testcase name="Click_MR_India_EntryLevel_Tab" time="1.727" classname="testcase.Magic_Resume_India" />
                <testcase name="Click_MR_Internation_EntryLevel_Tab" time="3.213" classname="testcase.Magic_Resume_India" />
                <testcase name="Click_body_Improve_resume_Link" time="8.925" classname="testcase.Magic_Resume_India" />
      
</testsuite>
