<?xml version="1.0" encoding="UTF-8"?>
<testsuite name="Firefox Result"
           tests="3"
           failures="0"
           errors="0"
           skipped="0"
           time="34.281">
  <properties />
  
  
            <testcase name="Login" time="15.435" classname="testcase.Registeration" />
                <testcase name="user_Registeration" time="12.994" classname="testcase.Registeration" />
                <testcase name="logout" time="5.852" classname="testcase.Registeration" />
      
</testsuite>
