<?xml version="1.0" encoding="UTF-8"?>
<testsuite name="Firefox Result"
           tests="4"
           failures="0"
           errors="0"
           skipped="0"
           time="15.178">
  <properties />
  
  
            <testcase name="submitQuery" time="7.138" classname="testcase.contactus_query" />
                <testcase name="close_contact_us" time="0.649" classname="testcase.contactus_query" />
                <testcase name="open_contact_us" time="0.696" classname="testcase.contactus_query" />
                <testcase name="submitQuery_Validations" time="6.695" classname="testcase.contactus_query" />
      
</testsuite>
