<?xml version="1.0" encoding="UTF-8"?>
<testsuite name="Firefox Result"
           tests="16"
           failures="0"
           errors="0"
           skipped="16"
           time="0.006">
  <properties />
  
            <testcase name="closeWindow" time="0.0" classname="testcase.Registeration">
          <skipped />
    </testcase>
            <testcase name="closeWindow" time="0.0" classname="testcase.Registeration">
          <skipped />
    </testcase>
            <testcase name="closeWindow" time="0.0" classname="testcase.Registeration">
          <skipped />
    </testcase>
            <testcase name="closeWindow" time="0.0" classname="testcase.Registeration">
          <skipped />
    </testcase>
            <testcase name="closeWindow" time="0.0" classname="testcase.Registeration">
          <skipped />
    </testcase>
            <testcase name="closeWindow" time="0.0" classname="testcase.Registeration">
          <skipped />
    </testcase>
            <testcase name="closeWindow" time="0.0" classname="testcase.Registeration">
          <skipped />
    </testcase>
            <testcase name="closeWindow" time="0.0" classname="testcase.Registeration">
          <skipped />
    </testcase>
            <testcase name="logout" time="0.0" classname="testcase.Registeration">
          <skipped />
    </testcase>
            <testcase name="openRegisteration" time="0.0" classname="testcase.Registeration">
          <skipped />
    </testcase>
            <testcase name="forgetPassword" time="0.0" classname="testcase.Registeration">
          <skipped />
    </testcase>
            <testcase name="Login" time="0.0" classname="testcase.Registeration">
          <skipped />
    </testcase>
            <testcase name="user_Registeration_Validations" time="0.0" classname="testcase.Registeration">
          <skipped />
    </testcase>
            <testcase name="closeRegisteration_Shutter" time="0.0" classname="testcase.Registeration">
          <skipped />
    </testcase>
            <testcase name="user_Registeration" time="0.0" classname="testcase.Registeration">
          <skipped />
    </testcase>
            <testcase name="forget_pwd_email_verification" time="0.0" classname="testcase.Registeration">
          <skipped />
    </testcase>
  
  
</testsuite>
