<?xml version="1.0" encoding="UTF-8"?>
<testng-results skipped="0" failed="1" total="31" passed="30">
  <reporter-output>
  </reporter-output>
  <suite name="SA Automation" duration-ms="330537" started-at="2015-08-28T05:32:00Z" finished-at="2015-08-28T05:37:30Z">
    <groups>
    </groups>
    <test name="Firefox Result" duration-ms="330537" started-at="2015-08-28T05:32:00Z" finished-at="2015-08-28T05:37:30Z">
      <class name="testcase.Magic_Resume_India">
        <test-method status="PASS" signature="Click_body_Improve_resume_Link(int, int)[pri:0, instance:testcase.Magic_Resume_India@2e297ffb]" name="Click_body_Improve_resume_Link" duration-ms="10580" started-at="2015-08-28T11:06:06Z" data-provider="Click_body_Improve_resume_Link" finished-at="2015-08-28T11:06:16Z">
          <params>
            <param index="0">
              <value>
                <![CDATA[27]]>
              </value>
            </param>
            <param index="1">
              <value>
                <![CDATA[8]]>
              </value>
            </param>
          </params>
          <reporter-output>
          </reporter-output>
        </test-method> <!-- Click_body_Improve_resume_Link -->
        <test-method status="PASS" signature="closeWindow(org.testng.ITestResult)[pri:0, instance:testcase.Magic_Resume_India@2e297ffb]" name="closeWindow" is-config="true" duration-ms="1" started-at="2015-08-28T11:06:16Z" finished-at="2015-08-28T11:06:16Z">
          <params>
            <param index="0">
              <value>
                <![CDATA[[TestResult name=Click_body_Improve_resume_Link status=SUCCESS method=Magic_Resume_India.Click_body_Improve_resume_Link(int, int)[pri:0, instance:testcase.Magic_Resume_India@2e297ffb] output={null}]]]>
              </value>
            </param>
          </params>
          <reporter-output>
          </reporter-output>
        </test-method> <!-- closeWindow -->
        <test-method status="PASS" signature="click_improve_resume_lindia_ink(int, int)[pri:0, instance:testcase.Magic_Resume_India@2e297ffb]" name="click_improve_resume_lindia_ink" duration-ms="14961" started-at="2015-08-28T11:06:17Z" data-provider="click_improve_resume_lindia_ink" finished-at="2015-08-28T11:06:32Z">
          <params>
            <param index="0">
              <value>
                <![CDATA[28]]>
              </value>
            </param>
            <param index="1">
              <value>
                <![CDATA[8]]>
              </value>
            </param>
          </params>
          <reporter-output>
          </reporter-output>
        </test-method> <!-- click_improve_resume_lindia_ink -->
        <test-method status="PASS" signature="closeWindow(org.testng.ITestResult)[pri:0, instance:testcase.Magic_Resume_India@2e297ffb]" name="closeWindow" is-config="true" duration-ms="0" started-at="2015-08-28T11:06:32Z" finished-at="2015-08-28T11:06:32Z">
          <params>
            <param index="0">
              <value>
                <![CDATA[[TestResult name=click_improve_resume_lindia_ink status=SUCCESS method=Magic_Resume_India.click_improve_resume_lindia_ink(int, int)[pri:0, instance:testcase.Magic_Resume_India@2e297ffb] output={null}]]]>
              </value>
            </param>
          </params>
          <reporter-output>
          </reporter-output>
        </test-method> <!-- closeWindow -->
        <test-method status="PASS" signature="click_MR_India_Button(int, int)[pri:0, instance:testcase.Magic_Resume_India@2e297ffb]" name="click_MR_India_Button" duration-ms="14364" started-at="2015-08-28T11:06:32Z" data-provider="click_MR_India_Button" finished-at="2015-08-28T11:06:46Z">
          <params>
            <param index="0">
              <value>
                <![CDATA[29]]>
              </value>
            </param>
            <param index="1">
              <value>
                <![CDATA[8]]>
              </value>
            </param>
          </params>
          <reporter-output>
          </reporter-output>
        </test-method> <!-- click_MR_India_Button -->
        <test-method status="PASS" signature="closeWindow(org.testng.ITestResult)[pri:0, instance:testcase.Magic_Resume_India@2e297ffb]" name="closeWindow" is-config="true" duration-ms="1" started-at="2015-08-28T11:06:46Z" finished-at="2015-08-28T11:06:46Z">
          <params>
            <param index="0">
              <value>
                <![CDATA[[TestResult name=click_MR_India_Button status=SUCCESS method=Magic_Resume_India.click_MR_India_Button(int, int)[pri:0, instance:testcase.Magic_Resume_India@2e297ffb] output={null}]]]>
              </value>
            </param>
          </params>
          <reporter-output>
          </reporter-output>
        </test-method> <!-- closeWindow -->
        <test-method status="PASS" signature="Click_MR_India_EntryLevel_Tab(int, int)[pri:0, instance:testcase.Magic_Resume_India@2e297ffb]" name="Click_MR_India_EntryLevel_Tab" duration-ms="1045" started-at="2015-08-28T11:06:46Z" data-provider="Click_MR_India_EntryLevel_Tab" finished-at="2015-08-28T11:06:47Z">
          <params>
            <param index="0">
              <value>
                <![CDATA[30]]>
              </value>
            </param>
            <param index="1">
              <value>
                <![CDATA[8]]>
              </value>
            </param>
          </params>
          <reporter-output>
          </reporter-output>
        </test-method> <!-- Click_MR_India_EntryLevel_Tab -->
        <test-method status="PASS" signature="closeWindow(org.testng.ITestResult)[pri:0, instance:testcase.Magic_Resume_India@2e297ffb]" name="closeWindow" is-config="true" duration-ms="0" started-at="2015-08-28T11:06:47Z" finished-at="2015-08-28T11:06:47Z">
          <params>
            <param index="0">
              <value>
                <![CDATA[[TestResult name=Click_MR_India_EntryLevel_Tab status=SUCCESS method=Magic_Resume_India.Click_MR_India_EntryLevel_Tab(int, int)[pri:0, instance:testcase.Magic_Resume_India@2e297ffb] output={null}]]]>
              </value>
            </param>
          </params>
          <reporter-output>
          </reporter-output>
        </test-method> <!-- closeWindow -->
        <test-method status="PASS" signature="Click_MR_India_MidLevel_Tab(int, int)[pri:0, instance:testcase.Magic_Resume_India@2e297ffb]" name="Click_MR_India_MidLevel_Tab" duration-ms="5038" started-at="2015-08-28T11:06:47Z" data-provider="Click_MR_India_MidLevel_Tab" finished-at="2015-08-28T11:06:52Z">
          <params>
            <param index="0">
              <value>
                <![CDATA[31]]>
              </value>
            </param>
            <param index="1">
              <value>
                <![CDATA[8]]>
              </value>
            </param>
          </params>
          <reporter-output>
          </reporter-output>
        </test-method> <!-- Click_MR_India_MidLevel_Tab -->
        <test-method status="PASS" signature="closeWindow(org.testng.ITestResult)[pri:0, instance:testcase.Magic_Resume_India@2e297ffb]" name="closeWindow" is-config="true" duration-ms="0" started-at="2015-08-28T11:06:52Z" finished-at="2015-08-28T11:06:52Z">
          <params>
            <param index="0">
              <value>
                <![CDATA[[TestResult name=Click_MR_India_MidLevel_Tab status=SUCCESS method=Magic_Resume_India.Click_MR_India_MidLevel_Tab(int, int)[pri:0, instance:testcase.Magic_Resume_India@2e297ffb] output={null}]]]>
              </value>
            </param>
          </params>
          <reporter-output>
          </reporter-output>
        </test-method> <!-- closeWindow -->
        <test-method status="PASS" signature="Click_MR_India_SeniorLevel_Tab(int, int)[pri:0, instance:testcase.Magic_Resume_India@2e297ffb]" name="Click_MR_India_SeniorLevel_Tab" duration-ms="3298" started-at="2015-08-28T11:06:52Z" data-provider="Click_MR_India_SeniorLevel_Tab" finished-at="2015-08-28T11:06:56Z">
          <params>
            <param index="0">
              <value>
                <![CDATA[32]]>
              </value>
            </param>
            <param index="1">
              <value>
                <![CDATA[8]]>
              </value>
            </param>
          </params>
          <reporter-output>
          </reporter-output>
        </test-method> <!-- Click_MR_India_SeniorLevel_Tab -->
        <test-method status="PASS" signature="closeWindow(org.testng.ITestResult)[pri:0, instance:testcase.Magic_Resume_India@2e297ffb]" name="closeWindow" is-config="true" duration-ms="1" started-at="2015-08-28T11:06:56Z" finished-at="2015-08-28T11:06:56Z">
          <params>
            <param index="0">
              <value>
                <![CDATA[[TestResult name=Click_MR_India_SeniorLevel_Tab status=SUCCESS method=Magic_Resume_India.Click_MR_India_SeniorLevel_Tab(int, int)[pri:0, instance:testcase.Magic_Resume_India@2e297ffb] output={null}]]]>
              </value>
            </param>
          </params>
          <reporter-output>
          </reporter-output>
        </test-method> <!-- closeWindow -->
        <test-method status="PASS" signature="click_MR_Internation_Button(int, int)[pri:0, instance:testcase.Magic_Resume_India@2e297ffb]" name="click_MR_Internation_Button" duration-ms="5870" started-at="2015-08-28T11:06:56Z" data-provider="click_MR_Internation_Button" finished-at="2015-08-28T11:07:02Z">
          <params>
            <param index="0">
              <value>
                <![CDATA[33]]>
              </value>
            </param>
            <param index="1">
              <value>
                <![CDATA[8]]>
              </value>
            </param>
          </params>
          <reporter-output>
          </reporter-output>
        </test-method> <!-- click_MR_Internation_Button -->
        <test-method status="PASS" signature="closeWindow(org.testng.ITestResult)[pri:0, instance:testcase.Magic_Resume_India@2e297ffb]" name="closeWindow" is-config="true" duration-ms="1" started-at="2015-08-28T11:07:02Z" finished-at="2015-08-28T11:07:02Z">
          <params>
            <param index="0">
              <value>
                <![CDATA[[TestResult name=click_MR_Internation_Button status=SUCCESS method=Magic_Resume_India.click_MR_Internation_Button(int, int)[pri:0, instance:testcase.Magic_Resume_India@2e297ffb] output={null}]]]>
              </value>
            </param>
          </params>
          <reporter-output>
          </reporter-output>
        </test-method> <!-- closeWindow -->
        <test-method status="PASS" signature="Click_MR_Internation_EntryLevel_Tab(int, int)[pri:0, instance:testcase.Magic_Resume_India@2e297ffb]" name="Click_MR_Internation_EntryLevel_Tab" duration-ms="2366" started-at="2015-08-28T11:07:02Z" data-provider="Click_MR_Internation_EntryLevel_Tab" finished-at="2015-08-28T11:07:04Z">
          <params>
            <param index="0">
              <value>
                <![CDATA[34]]>
              </value>
            </param>
            <param index="1">
              <value>
                <![CDATA[8]]>
              </value>
            </param>
          </params>
          <reporter-output>
          </reporter-output>
        </test-method> <!-- Click_MR_Internation_EntryLevel_Tab -->
        <test-method status="PASS" signature="closeWindow(org.testng.ITestResult)[pri:0, instance:testcase.Magic_Resume_India@2e297ffb]" name="closeWindow" is-config="true" duration-ms="0" started-at="2015-08-28T11:07:04Z" finished-at="2015-08-28T11:07:04Z">
          <params>
            <param index="0">
              <value>
                <![CDATA[[TestResult name=Click_MR_Internation_EntryLevel_Tab status=SUCCESS method=Magic_Resume_India.Click_MR_Internation_EntryLevel_Tab(int, int)[pri:0, instance:testcase.Magic_Resume_India@2e297ffb] output={null}]]]>
              </value>
            </param>
          </params>
          <reporter-output>
          </reporter-output>
        </test-method> <!-- closeWindow -->
        <test-method status="PASS" signature="Click_MR_Internation_MidLevel_Tab(int, int)[pri:0, instance:testcase.Magic_Resume_India@2e297ffb]" name="Click_MR_Internation_MidLevel_Tab" duration-ms="14657" started-at="2015-08-28T11:07:04Z" data-provider="Click_MR_Internation_MidLevel_Tab" finished-at="2015-08-28T11:07:19Z">
          <params>
            <param index="0">
              <value>
                <![CDATA[35]]>
              </value>
            </param>
            <param index="1">
              <value>
                <![CDATA[8]]>
              </value>
            </param>
          </params>
          <reporter-output>
          </reporter-output>
        </test-method> <!-- Click_MR_Internation_MidLevel_Tab -->
        <test-method status="PASS" signature="closeWindow(org.testng.ITestResult)[pri:0, instance:testcase.Magic_Resume_India@2e297ffb]" name="closeWindow" is-config="true" duration-ms="0" started-at="2015-08-28T11:07:19Z" finished-at="2015-08-28T11:07:19Z">
          <params>
            <param index="0">
              <value>
                <![CDATA[[TestResult name=Click_MR_Internation_MidLevel_Tab status=SUCCESS method=Magic_Resume_India.Click_MR_Internation_MidLevel_Tab(int, int)[pri:0, instance:testcase.Magic_Resume_India@2e297ffb] output={null}]]]>
              </value>
            </param>
          </params>
          <reporter-output>
          </reporter-output>
        </test-method> <!-- closeWindow -->
        <test-method status="PASS" signature="Click_MR_Internation_SeniorLevel_Tab(int, int)[pri:0, instance:testcase.Magic_Resume_India@2e297ffb]" name="Click_MR_Internation_SeniorLevel_Tab" duration-ms="5991" started-at="2015-08-28T11:07:19Z" data-provider="Click_MR_Internation_SeniorLevel_Tab" finished-at="2015-08-28T11:07:25Z">
          <params>
            <param index="0">
              <value>
                <![CDATA[36]]>
              </value>
            </param>
            <param index="1">
              <value>
                <![CDATA[8]]>
              </value>
            </param>
          </params>
          <reporter-output>
          </reporter-output>
        </test-method> <!-- Click_MR_Internation_SeniorLevel_Tab -->
        <test-method status="PASS" signature="closeWindow(org.testng.ITestResult)[pri:0, instance:testcase.Magic_Resume_India@2e297ffb]" name="closeWindow" is-config="true" duration-ms="1" started-at="2015-08-28T11:07:25Z" finished-at="2015-08-28T11:07:25Z">
          <params>
            <param index="0">
              <value>
                <![CDATA[[TestResult name=Click_MR_Internation_SeniorLevel_Tab status=SUCCESS method=Magic_Resume_India.Click_MR_Internation_SeniorLevel_Tab(int, int)[pri:0, instance:testcase.Magic_Resume_India@2e297ffb] output={null}]]]>
              </value>
            </param>
          </params>
          <reporter-output>
          </reporter-output>
        </test-method> <!-- closeWindow -->
      </class> <!-- testcase.Magic_Resume_India -->
      <class name="testcase.Improve_resume">
        <test-method status="PASS" signature="Improve_Resume_hover(int, int)[pri:0, instance:testcase.Improve_resume@46c837cd]" name="Improve_Resume_hover" duration-ms="13526" started-at="2015-08-28T11:04:46Z" data-provider="improve_resume_hover" finished-at="2015-08-28T11:05:00Z">
          <params>
            <param index="0">
              <value>
                <![CDATA[18]]>
              </value>
            </param>
            <param index="1">
              <value>
                <![CDATA[8]]>
              </value>
            </param>
          </params>
          <reporter-output>
          </reporter-output>
        </test-method> <!-- Improve_Resume_hover -->
        <test-method status="PASS" signature="closeWindow(org.testng.ITestResult)[pri:0, instance:testcase.Improve_resume@46c837cd]" name="closeWindow" is-config="true" duration-ms="1" started-at="2015-08-28T11:05:00Z" finished-at="2015-08-28T11:05:00Z">
          <params>
            <param index="0">
              <value>
                <![CDATA[[TestResult name=Improve_Resume_hover status=SUCCESS method=Improve_resume.Improve_Resume_hover(int, int)[pri:0, instance:testcase.Improve_resume@46c837cd] output={null}]]]>
              </value>
            </param>
          </params>
          <reporter-output>
          </reporter-output>
        </test-method> <!-- closeWindow -->
        <test-method status="PASS" signature="Click_MRI(int, int)[pri:0, instance:testcase.Improve_resume@46c837cd]" name="Click_MRI" duration-ms="6446" started-at="2015-08-28T11:05:00Z" data-provider="click_mri" finished-at="2015-08-28T11:05:06Z">
          <params>
            <param index="0">
              <value>
                <![CDATA[19]]>
              </value>
            </param>
            <param index="1">
              <value>
                <![CDATA[8]]>
              </value>
            </param>
          </params>
          <reporter-output>
          </reporter-output>
        </test-method> <!-- Click_MRI -->
        <test-method status="PASS" signature="closeWindow(org.testng.ITestResult)[pri:0, instance:testcase.Improve_resume@46c837cd]" name="closeWindow" is-config="true" duration-ms="1" started-at="2015-08-28T11:05:06Z" finished-at="2015-08-28T11:05:06Z">
          <params>
            <param index="0">
              <value>
                <![CDATA[[TestResult name=Click_MRI status=SUCCESS method=Improve_resume.Click_MRI(int, int)[pri:0, instance:testcase.Improve_resume@46c837cd] output={null}]]]>
              </value>
            </param>
          </params>
          <reporter-output>
          </reporter-output>
        </test-method> <!-- closeWindow -->
        <test-method status="PASS" signature="Click_MR_International(int, int)[pri:0, instance:testcase.Improve_resume@46c837cd]" name="Click_MR_International" duration-ms="10830" started-at="2015-08-28T11:05:06Z" data-provider="click_mr_international" finished-at="2015-08-28T11:05:17Z">
          <params>
            <param index="0">
              <value>
                <![CDATA[20]]>
              </value>
            </param>
            <param index="1">
              <value>
                <![CDATA[8]]>
              </value>
            </param>
          </params>
          <reporter-output>
          </reporter-output>
        </test-method> <!-- Click_MR_International -->
        <test-method status="PASS" signature="closeWindow(org.testng.ITestResult)[pri:0, instance:testcase.Improve_resume@46c837cd]" name="closeWindow" is-config="true" duration-ms="0" started-at="2015-08-28T11:05:17Z" finished-at="2015-08-28T11:05:17Z">
          <params>
            <param index="0">
              <value>
                <![CDATA[[TestResult name=Click_MR_International status=SUCCESS method=Improve_resume.Click_MR_International(int, int)[pri:0, instance:testcase.Improve_resume@46c837cd] output={null}]]]>
              </value>
            </param>
          </params>
          <reporter-output>
          </reporter-output>
        </test-method> <!-- closeWindow -->
        <test-method status="PASS" signature="click_ResumeCritique(int, int)[pri:0, instance:testcase.Improve_resume@46c837cd]" name="click_ResumeCritique" duration-ms="9477" started-at="2015-08-28T11:05:17Z" data-provider="click_resume_critique" finished-at="2015-08-28T11:05:27Z">
          <params>
            <param index="0">
              <value>
                <![CDATA[21]]>
              </value>
            </param>
            <param index="1">
              <value>
                <![CDATA[8]]>
              </value>
            </param>
          </params>
          <reporter-output>
          </reporter-output>
        </test-method> <!-- click_ResumeCritique -->
        <test-method status="PASS" signature="closeWindow(org.testng.ITestResult)[pri:0, instance:testcase.Improve_resume@46c837cd]" name="closeWindow" is-config="true" duration-ms="1" started-at="2015-08-28T11:05:27Z" finished-at="2015-08-28T11:05:27Z">
          <params>
            <param index="0">
              <value>
                <![CDATA[[TestResult name=click_ResumeCritique status=SUCCESS method=Improve_resume.click_ResumeCritique(int, int)[pri:0, instance:testcase.Improve_resume@46c837cd] output={null}]]]>
              </value>
            </param>
          </params>
          <reporter-output>
          </reporter-output>
        </test-method> <!-- closeWindow -->
        <test-method status="PASS" signature="click_socialprofiler(int, int)[pri:0, instance:testcase.Improve_resume@46c837cd]" name="click_socialprofiler" duration-ms="8903" started-at="2015-08-28T11:05:27Z" data-provider="click_social_profiler" finished-at="2015-08-28T11:05:36Z">
          <params>
            <param index="0">
              <value>
                <![CDATA[22]]>
              </value>
            </param>
            <param index="1">
              <value>
                <![CDATA[8]]>
              </value>
            </param>
          </params>
          <reporter-output>
          </reporter-output>
        </test-method> <!-- click_socialprofiler -->
        <test-method status="PASS" signature="closeWindow(org.testng.ITestResult)[pri:0, instance:testcase.Improve_resume@46c837cd]" name="closeWindow" is-config="true" duration-ms="0" started-at="2015-08-28T11:05:36Z" finished-at="2015-08-28T11:05:36Z">
          <params>
            <param index="0">
              <value>
                <![CDATA[[TestResult name=click_socialprofiler status=SUCCESS method=Improve_resume.click_socialprofiler(int, int)[pri:0, instance:testcase.Improve_resume@46c837cd] output={null}]]]>
              </value>
            </param>
          </params>
          <reporter-output>
          </reporter-output>
        </test-method> <!-- closeWindow -->
        <test-method status="PASS" signature="click_visual_resume(int, int)[pri:0, instance:testcase.Improve_resume@46c837cd]" name="click_visual_resume" duration-ms="6642" started-at="2015-08-28T11:05:36Z" data-provider="click_viewresume" finished-at="2015-08-28T11:05:43Z">
          <params>
            <param index="0">
              <value>
                <![CDATA[26]]>
              </value>
            </param>
            <param index="1">
              <value>
                <![CDATA[8]]>
              </value>
            </param>
          </params>
          <reporter-output>
          </reporter-output>
        </test-method> <!-- click_visual_resume -->
        <test-method status="PASS" signature="closeWindow(org.testng.ITestResult)[pri:0, instance:testcase.Improve_resume@46c837cd]" name="closeWindow" is-config="true" duration-ms="0" started-at="2015-08-28T11:05:43Z" finished-at="2015-08-28T11:05:43Z">
          <params>
            <param index="0">
              <value>
                <![CDATA[[TestResult name=click_visual_resume status=SUCCESS method=Improve_resume.click_visual_resume(int, int)[pri:0, instance:testcase.Improve_resume@46c837cd] output={null}]]]>
              </value>
            </param>
          </params>
          <reporter-output>
          </reporter-output>
        </test-method> <!-- closeWindow -->
        <test-method status="PASS" signature="click_visual_resume_premium(int, int)[pri:0, instance:testcase.Improve_resume@46c837cd]" name="click_visual_resume_premium" duration-ms="8242" started-at="2015-08-28T11:05:43Z" data-provider="click_Visual_resume_premium" finished-at="2015-08-28T11:05:51Z">
          <params>
            <param index="0">
              <value>
                <![CDATA[23]]>
              </value>
            </param>
            <param index="1">
              <value>
                <![CDATA[8]]>
              </value>
            </param>
          </params>
          <reporter-output>
          </reporter-output>
        </test-method> <!-- click_visual_resume_premium -->
        <test-method status="PASS" signature="closeWindow(org.testng.ITestResult)[pri:0, instance:testcase.Improve_resume@46c837cd]" name="closeWindow" is-config="true" duration-ms="1" started-at="2015-08-28T11:05:51Z" finished-at="2015-08-28T11:05:51Z">
          <params>
            <param index="0">
              <value>
                <![CDATA[[TestResult name=click_visual_resume_premium status=SUCCESS method=Improve_resume.click_visual_resume_premium(int, int)[pri:0, instance:testcase.Improve_resume@46c837cd] output={null}]]]>
              </value>
            </param>
          </params>
          <reporter-output>
          </reporter-output>
        </test-method> <!-- closeWindow -->
        <test-method status="PASS" signature="click_view_all_services(int, int)[pri:0, instance:testcase.Improve_resume@46c837cd]" name="click_view_all_services" duration-ms="8181" started-at="2015-08-28T11:05:51Z" data-provider="click_viewall_services" finished-at="2015-08-28T11:05:59Z">
          <params>
            <param index="0">
              <value>
                <![CDATA[24]]>
              </value>
            </param>
            <param index="1">
              <value>
                <![CDATA[8]]>
              </value>
            </param>
          </params>
          <reporter-output>
          </reporter-output>
        </test-method> <!-- click_view_all_services -->
        <test-method status="PASS" signature="closeWindow(org.testng.ITestResult)[pri:0, instance:testcase.Improve_resume@46c837cd]" name="closeWindow" is-config="true" duration-ms="0" started-at="2015-08-28T11:05:59Z" finished-at="2015-08-28T11:05:59Z">
          <params>
            <param index="0">
              <value>
                <![CDATA[[TestResult name=click_view_all_services status=SUCCESS method=Improve_resume.click_view_all_services(int, int)[pri:0, instance:testcase.Improve_resume@46c837cd] output={null}]]]>
              </value>
            </param>
          </params>
          <reporter-output>
          </reporter-output>
        </test-method> <!-- closeWindow -->
        <test-method status="PASS" signature="click_view_sample_resume(int, int)[pri:0, instance:testcase.Improve_resume@46c837cd]" name="click_view_sample_resume" duration-ms="6326" started-at="2015-08-28T11:05:59Z" data-provider="click_view_on_samples" finished-at="2015-08-28T11:06:06Z">
          <params>
            <param index="0">
              <value>
                <![CDATA[25]]>
              </value>
            </param>
            <param index="1">
              <value>
                <![CDATA[8]]>
              </value>
            </param>
          </params>
          <reporter-output>
          </reporter-output>
        </test-method> <!-- click_view_sample_resume -->
        <test-method status="PASS" signature="closeWindow(org.testng.ITestResult)[pri:0, instance:testcase.Improve_resume@46c837cd]" name="closeWindow" is-config="true" duration-ms="126" started-at="2015-08-28T11:06:06Z" finished-at="2015-08-28T11:06:06Z">
          <params>
            <param index="0">
              <value>
                <![CDATA[[TestResult name=click_view_sample_resume status=SUCCESS method=Improve_resume.click_view_sample_resume(int, int)[pri:0, instance:testcase.Improve_resume@46c837cd] output={null}]]]>
              </value>
            </param>
          </params>
          <reporter-output>
          </reporter-output>
        </test-method> <!-- closeWindow -->
      </class> <!-- testcase.Improve_resume -->
      <class name="testcase.contactus_query">
        <test-method status="PASS" signature="openBrowser(java.lang.String, java.lang.String)[pri:0, instance:testcase.contactus_query@203fa5ac]" name="openBrowser" is-config="true" duration-ms="16842" started-at="2015-08-28T11:02:00Z" finished-at="2015-08-28T11:02:17Z">
          <params>
            <param index="0">
              <value>
                <![CDATA[FIREFOX]]>
              </value>
            </param>
            <param index="1">
              <value>
                <![CDATA[http://ecm.timesjobs.com/]]>
              </value>
            </param>
          </params>
          <reporter-output>
          </reporter-output>
        </test-method> <!-- openBrowser -->
        <test-method status="PASS" signature="open_contact_us(int, int)[pri:0, instance:testcase.contactus_query@203fa5ac]" name="open_contact_us" duration-ms="884" started-at="2015-08-28T11:02:18Z" data-provider="open_shutter" finished-at="2015-08-28T11:02:19Z">
          <params>
            <param index="0">
              <value>
                <![CDATA[5]]>
              </value>
            </param>
            <param index="1">
              <value>
                <![CDATA[8]]>
              </value>
            </param>
          </params>
          <reporter-output>
          </reporter-output>
        </test-method> <!-- open_contact_us -->
        <test-method status="PASS" signature="closeWindow(org.testng.ITestResult)[pri:0, instance:testcase.contactus_query@203fa5ac]" name="closeWindow" is-config="true" duration-ms="1" started-at="2015-08-28T11:02:20Z" finished-at="2015-08-28T11:02:20Z">
          <params>
            <param index="0">
              <value>
                <![CDATA[[TestResult name=open_contact_us status=SUCCESS method=contactus_query.open_contact_us(int, int)[pri:0, instance:testcase.contactus_query@203fa5ac] output={null}]]]>
              </value>
            </param>
          </params>
          <reporter-output>
          </reporter-output>
        </test-method> <!-- closeWindow -->
        <test-method status="PASS" signature="close_contact_us(int, int)[pri:0, instance:testcase.contactus_query@203fa5ac]" name="close_contact_us" duration-ms="429" started-at="2015-08-28T11:02:20Z" data-provider="close_shutter" finished-at="2015-08-28T11:02:20Z">
          <params>
            <param index="0">
              <value>
                <![CDATA[7]]>
              </value>
            </param>
            <param index="1">
              <value>
                <![CDATA[8]]>
              </value>
            </param>
          </params>
          <reporter-output>
          </reporter-output>
        </test-method> <!-- close_contact_us -->
        <test-method status="PASS" signature="closeWindow(org.testng.ITestResult)[pri:0, instance:testcase.contactus_query@203fa5ac]" name="closeWindow" is-config="true" duration-ms="0" started-at="2015-08-28T11:02:20Z" finished-at="2015-08-28T11:02:20Z">
          <params>
            <param index="0">
              <value>
                <![CDATA[[TestResult name=close_contact_us status=SUCCESS method=contactus_query.close_contact_us(int, int)[pri:0, instance:testcase.contactus_query@203fa5ac] output={null}]]]>
              </value>
            </param>
          </params>
          <reporter-output>
          </reporter-output>
        </test-method> <!-- closeWindow -->
        <test-method status="PASS" signature="submitQuery_Validations(int, int)[pri:0, instance:testcase.contactus_query@203fa5ac]" name="submitQuery_Validations" duration-ms="6870" started-at="2015-08-28T11:02:21Z" data-provider="query_validation" finished-at="2015-08-28T11:02:27Z">
          <params>
            <param index="0">
              <value>
                <![CDATA[8]]>
              </value>
            </param>
            <param index="1">
              <value>
                <![CDATA[8]]>
              </value>
            </param>
          </params>
          <reporter-output>
          </reporter-output>
        </test-method> <!-- submitQuery_Validations -->
        <test-method status="PASS" signature="closeWindow(org.testng.ITestResult)[pri:0, instance:testcase.contactus_query@203fa5ac]" name="closeWindow" is-config="true" duration-ms="0" started-at="2015-08-28T11:02:28Z" finished-at="2015-08-28T11:02:28Z">
          <params>
            <param index="0">
              <value>
                <![CDATA[[TestResult name=submitQuery_Validations status=SUCCESS method=contactus_query.submitQuery_Validations(int, int)[pri:0, instance:testcase.contactus_query@203fa5ac] output={null}]]]>
              </value>
            </param>
          </params>
          <reporter-output>
          </reporter-output>
        </test-method> <!-- closeWindow -->
        <test-method status="PASS" signature="submitQuery(int, int, java.lang.String, java.lang.String, java.lang.String, java.lang.String)[pri:0, instance:testcase.contactus_query@203fa5ac]" name="submitQuery" duration-ms="6004" started-at="2015-08-28T11:02:28Z" data-provider="query" finished-at="2015-08-28T11:02:34Z">
          <params>
            <param index="0">
              <value>
                <![CDATA[9]]>
              </value>
            </param>
            <param index="1">
              <value>
                <![CDATA[8]]>
              </value>
            </param>
            <param index="2">
              <value>
                <![CDATA[Sunil]]>
              </value>
            </param>
            <param index="3">
              <value>
                <![CDATA[sunil211@mailinator.com]]>
              </value>
            </param>
            <param index="4">
              <value>
                <![CDATA[9910881849]]>
              </value>
            </param>
            <param index="5">
              <value>
                <![CDATA[Great Guys keep it up]]>
              </value>
            </param>
          </params>
          <reporter-output>
          </reporter-output>
        </test-method> <!-- submitQuery -->
        <test-method status="PASS" signature="closeWindow(org.testng.ITestResult)[pri:0, instance:testcase.contactus_query@203fa5ac]" name="closeWindow" is-config="true" duration-ms="0" started-at="2015-08-28T11:02:34Z" finished-at="2015-08-28T11:02:34Z">
          <params>
            <param index="0">
              <value>
                <![CDATA[[TestResult name=submitQuery status=SUCCESS method=contactus_query.submitQuery(int, int, java.lang.String, java.lang.String, java.lang.String, java.lang.String)[pri:0, instance:testcase.contactus_query@203fa5ac] output={null}]]]>
              </value>
            </param>
          </params>
          <reporter-output>
          </reporter-output>
        </test-method> <!-- closeWindow -->
        <test-method status="PASS" signature="closeBrowser()[pri:0, instance:testcase.contactus_query@203fa5ac]" name="closeBrowser" is-config="true" duration-ms="5369" started-at="2015-08-28T11:07:25Z" finished-at="2015-08-28T11:07:30Z">
          <reporter-output>
          </reporter-output>
        </test-method> <!-- closeBrowser -->
      </class> <!-- testcase.contactus_query -->
      <class name="testcase.Registeration">
        <test-method status="PASS" signature="openRegisteration(int, int)[pri:0, instance:testcase.Registeration@163dc0bb]" name="openRegisteration" duration-ms="2308" started-at="2015-08-28T11:02:34Z" data-provider="open_shutter_singnin" finished-at="2015-08-28T11:02:36Z">
          <params>
            <param index="0">
              <value>
                <![CDATA[10]]>
              </value>
            </param>
            <param index="1">
              <value>
                <![CDATA[8]]>
              </value>
            </param>
          </params>
          <reporter-output>
          </reporter-output>
        </test-method> <!-- openRegisteration -->
        <test-method status="PASS" signature="closeWindow(org.testng.ITestResult)[pri:0, instance:testcase.Registeration@163dc0bb]" name="closeWindow" is-config="true" duration-ms="0" started-at="2015-08-28T11:02:36Z" finished-at="2015-08-28T11:02:36Z">
          <params>
            <param index="0">
              <value>
                <![CDATA[[TestResult name=openRegisteration status=SUCCESS method=Registeration.openRegisteration(int, int)[pri:0, instance:testcase.Registeration@163dc0bb] output={null}]]]>
              </value>
            </param>
          </params>
          <reporter-output>
          </reporter-output>
        </test-method> <!-- closeWindow -->
        <test-method status="PASS" signature="closeRegisteration_Shutter(int, int)[pri:0, instance:testcase.Registeration@163dc0bb]" name="closeRegisteration_Shutter" duration-ms="3394" started-at="2015-08-28T11:02:36Z" data-provider="close_shutter_singnin" finished-at="2015-08-28T11:02:40Z">
          <params>
            <param index="0">
              <value>
                <![CDATA[12]]>
              </value>
            </param>
            <param index="1">
              <value>
                <![CDATA[8]]>
              </value>
            </param>
          </params>
          <reporter-output>
          </reporter-output>
        </test-method> <!-- closeRegisteration_Shutter -->
        <test-method status="PASS" signature="closeWindow(org.testng.ITestResult)[pri:0, instance:testcase.Registeration@163dc0bb]" name="closeWindow" is-config="true" duration-ms="0" started-at="2015-08-28T11:02:40Z" finished-at="2015-08-28T11:02:40Z">
          <params>
            <param index="0">
              <value>
                <![CDATA[[TestResult name=closeRegisteration_Shutter status=SUCCESS method=Registeration.closeRegisteration_Shutter(int, int)[pri:0, instance:testcase.Registeration@163dc0bb] output={null}]]]>
              </value>
            </param>
          </params>
          <reporter-output>
          </reporter-output>
        </test-method> <!-- closeWindow -->
        <test-method status="PASS" signature="user_Registeration_Validations(int, int)[pri:0, instance:testcase.Registeration@163dc0bb]" name="user_Registeration_Validations" duration-ms="12017" started-at="2015-08-28T11:02:40Z" data-provider="registeration_validations" finished-at="2015-08-28T11:02:52Z">
          <params>
            <param index="0">
              <value>
                <![CDATA[13]]>
              </value>
            </param>
            <param index="1">
              <value>
                <![CDATA[8]]>
              </value>
            </param>
          </params>
          <reporter-output>
          </reporter-output>
        </test-method> <!-- user_Registeration_Validations -->
        <test-method status="PASS" signature="closeWindow(org.testng.ITestResult)[pri:0, instance:testcase.Registeration@163dc0bb]" name="closeWindow" is-config="true" duration-ms="0" started-at="2015-08-28T11:02:52Z" finished-at="2015-08-28T11:02:52Z">
          <params>
            <param index="0">
              <value>
                <![CDATA[[TestResult name=user_Registeration_Validations status=SUCCESS method=Registeration.user_Registeration_Validations(int, int)[pri:0, instance:testcase.Registeration@163dc0bb] output={null}]]]>
              </value>
            </param>
          </params>
          <reporter-output>
          </reporter-output>
        </test-method> <!-- closeWindow -->
        <test-method status="FAIL" signature="user_Registeration(int, int, java.lang.String, java.lang.String, java.lang.String, java.lang.String, java.lang.String)[pri:0, instance:testcase.Registeration@163dc0bb]" name="user_Registeration" duration-ms="43094" started-at="2015-08-28T11:02:52Z" data-provider="user_registeration" finished-at="2015-08-28T11:03:35Z">
          <params>
            <param index="0">
              <value>
                <![CDATA[14]]>
              </value>
            </param>
            <param index="1">
              <value>
                <![CDATA[8]]>
              </value>
            </param>
            <param index="2">
              <value>
                <![CDATA[Sunil]]>
              </value>
            </param>
            <param index="3">
              <value>
                <![CDATA[110794161@mailinator.com]]>
              </value>
            </param>
            <param index="4">
              <value>
                <![CDATA[f00bar12]]>
              </value>
            </param>
            <param index="5">
              <value>
                <![CDATA[f00bar12]]>
              </value>
            </param>
            <param index="6">
              <value>
                <![CDATA[9910881849]]>
              </value>
            </param>
          </params>
          <exception class="org.openqa.selenium.TimeoutException">
            <message>
              <![CDATA[Timed out after 30 seconds waiting for element to be clickable: By.xpath: .//*[@id='mailcontainer']/li/a/div[2]
Build info: version: '2.46.0', revision: '87c69e2', time: '2015-06-04 16:16:47'
System info: host: 'NODTBSD176AG', ip: '10.150.240.220', os.name: 'Windows 8', os.arch: 'amd64', os.version: '6.2', java.version: '1.6.0_45'
Session ID: 515084f2-e1b5-40ec-b9d0-aa4a5e52e045
Driver info: org.openqa.selenium.firefox.FirefoxDriver
Capabilities [{platform=WINDOWS, acceptSslCerts=true, javascriptEnabled=true, browserName=firefox, rotatable=false, locationContextEnabled=true, version=33.0, cssSelectorsEnabled=true, databaseEnabled=true, handlesAlerts=true, nativeEvents=true, webStorageEnabled=true, applicationCacheEnabled=true, takesScreenshot=true}]]]>
            </message>
            <full-stacktrace>
              <![CDATA[org.openqa.selenium.TimeoutException: Timed out after 30 seconds waiting for element to be clickable: By.xpath: .//*[@id='mailcontainer']/li/a/div[2]
Build info: version: '2.46.0', revision: '87c69e2', time: '2015-06-04 16:16:47'
System info: host: 'NODTBSD176AG', ip: '10.150.240.220', os.name: 'Windows 8', os.arch: 'amd64', os.version: '6.2', java.version: '1.6.0_45'
Session ID: 515084f2-e1b5-40ec-b9d0-aa4a5e52e045
Driver info: org.openqa.selenium.firefox.FirefoxDriver
Capabilities [{platform=WINDOWS, acceptSslCerts=true, javascriptEnabled=true, browserName=firefox, rotatable=false, locationContextEnabled=true, version=33.0, cssSelectorsEnabled=true, databaseEnabled=true, handlesAlerts=true, nativeEvents=true, webStorageEnabled=true, applicationCacheEnabled=true, takesScreenshot=true}]
	at org.openqa.selenium.support.ui.WebDriverWait.timeoutException(WebDriverWait.java:80)
	at org.openqa.selenium.support.ui.FluentWait.until(FluentWait.java:229)
	at core.Useractions.click(Useractions.java:33)
	at objects.mailinator.openmail(mailinator.java:11)
	at testcase.Registeration.user_Registeration(Registeration.java:63)
	at sun.reflect.NativeMethodAccessorImpl.invoke0(Native Method)
	at sun.reflect.NativeMethodAccessorImpl.invoke(NativeMethodAccessorImpl.java:39)
	at sun.reflect.DelegatingMethodAccessorImpl.invoke(DelegatingMethodAccessorImpl.java:25)
	at java.lang.reflect.Method.invoke(Method.java:597)
	at org.testng.internal.MethodInvocationHelper.invokeMethod(MethodInvocationHelper.java:84)
	at org.testng.internal.Invoker.invokeMethod(Invoker.java:714)
	at org.testng.internal.Invoker.invokeTestMethod(Invoker.java:901)
	at org.testng.internal.Invoker.invokeTestMethods(Invoker.java:1231)
	at org.testng.internal.TestMethodWorker.invokeTestMethods(TestMethodWorker.java:127)
	at org.testng.internal.TestMethodWorker.run(TestMethodWorker.java:111)
	at org.testng.TestRunner.privateRun(TestRunner.java:767)
	at org.testng.TestRunner.run(TestRunner.java:617)
	at org.testng.SuiteRunner.runTest(SuiteRunner.java:334)
	at org.testng.SuiteRunner.runSequentially(SuiteRunner.java:329)
	at org.testng.SuiteRunner.privateRun(SuiteRunner.java:291)
	at org.testng.SuiteRunner.run(SuiteRunner.java:240)
	at org.testng.SuiteRunnerWorker.runSuite(SuiteRunnerWorker.java:52)
	at org.testng.SuiteRunnerWorker.run(SuiteRunnerWorker.java:86)
	at org.testng.TestNG.runSuitesSequentially(TestNG.java:1224)
	at org.testng.TestNG.runSuitesLocally(TestNG.java:1149)
	at org.testng.TestNG.run(TestNG.java:1057)
	at org.testng.remote.RemoteTestNG.run(RemoteTestNG.java:111)
	at org.testng.remote.RemoteTestNG.initAndRun(RemoteTestNG.java:204)
	at org.testng.remote.RemoteTestNG.main(RemoteTestNG.java:175)
Caused by: org.openqa.selenium.NoSuchElementException: Unable to locate element: {"method":"xpath","selector":".//*[@id='mailcontainer']/li/a/div[2]"}
Command duration or timeout: 15.13 seconds
For documentation on this error, please visit: http://seleniumhq.org/exceptions/no_such_element.html
Build info: version: '2.46.0', revision: '87c69e2', time: '2015-06-04 16:16:47'
System info: host: 'NODTBSD176AG', ip: '10.150.240.220', os.name: 'Windows 8', os.arch: 'amd64', os.version: '6.2', java.version: '1.6.0_45'
*** Element info: {Using=xpath, value=.//*[@id='mailcontainer']/li/a/div[2]}
Session ID: 515084f2-e1b5-40ec-b9d0-aa4a5e52e045
Driver info: org.openqa.selenium.firefox.FirefoxDriver
Capabilities [{platform=WINDOWS, acceptSslCerts=true, javascriptEnabled=true, browserName=firefox, rotatable=false, locationContextEnabled=true, version=33.0, cssSelectorsEnabled=true, databaseEnabled=true, handlesAlerts=true, nativeEvents=true, webStorageEnabled=true, applicationCacheEnabled=true, takesScreenshot=true}]
	at sun.reflect.NativeConstructorAccessorImpl.newInstance0(Native Method)
	at sun.reflect.NativeConstructorAccessorImpl.newInstance(NativeConstructorAccessorImpl.java:39)
	at sun.reflect.DelegatingConstructorAccessorImpl.newInstance(DelegatingConstructorAccessorImpl.java:27)
	at java.lang.reflect.Constructor.newInstance(Constructor.java:513)
	at org.openqa.selenium.remote.ErrorHandler.createThrowable(ErrorHandler.java:204)
	at org.openqa.selenium.remote.ErrorHandler.throwIfResponseFailed(ErrorHandler.java:156)
	at org.openqa.selenium.remote.RemoteWebDriver.execute(RemoteWebDriver.java:605)
	at org.openqa.selenium.remote.RemoteWebDriver.findElement(RemoteWebDriver.java:358)
	at org.openqa.selenium.remote.RemoteWebDriver.findElementByXPath(RemoteWebDriver.java:455)
	at org.openqa.selenium.By$ByXPath.findElement(By.java:358)
	at org.openqa.selenium.remote.RemoteWebDriver.findElement(RemoteWebDriver.java:350)
	at org.openqa.selenium.support.ui.ExpectedConditions.findElement(ExpectedConditions.java:809)
	at org.openqa.selenium.support.ui.ExpectedConditions.access$0(ExpectedConditions.java:807)
	at org.openqa.selenium.support.ui.ExpectedConditions$7.apply(ExpectedConditions.java:205)
	at org.openqa.selenium.support.ui.ExpectedConditions$7.apply(ExpectedConditions.java:1)
	at org.openqa.selenium.support.ui.ExpectedConditions$20.apply(ExpectedConditions.java:603)
	at org.openqa.selenium.support.ui.ExpectedConditions$20.apply(ExpectedConditions.java:1)
	at org.openqa.selenium.support.ui.FluentWait.until(FluentWait.java:209)
	... 27 more
Caused by: org.openqa.selenium.NoSuchElementException: Unable to locate element: {"method":"xpath","selector":".//*[@id='mailcontainer']/li/a/div[2]"}
For documentation on this error, please visit: http://seleniumhq.org/exceptions/no_such_element.html
Build info: version: '2.46.0', revision: '87c69e2', time: '2015-06-04 16:16:47'
System info: host: 'NODTBSD176AG', ip: '10.150.240.220', os.name: 'Windows 8', os.arch: 'amd64', os.version: '6.2', java.version: '1.6.0_45'
Driver info: driver.version: unknown
	at <anonymous class>.FirefoxDriver.prototype.findElementInternal_(file:///C:/Users/SUSHEE~1.THA/AppData/Local/Temp/anonymous7280199914186214180webdriver-profile/extensions/fxdriver@googlecode.com/components/driver-component.js:10299)
	at <anonymous class>.fxdriver.Timer.prototype.setTimeout/<.notify(file:///C:/Users/SUSHEE~1.THA/AppData/Local/Temp/anonymous7280199914186214180webdriver-profile/extensions/fxdriver@googlecode.com/components/driver-component.js:603)
]]>
            </full-stacktrace>
          </exception> <!-- org.openqa.selenium.TimeoutException -->
          <reporter-output>
          </reporter-output>
        </test-method> <!-- user_Registeration -->
        <test-method status="PASS" signature="closeWindow(org.testng.ITestResult)[pri:0, instance:testcase.Registeration@163dc0bb]" name="closeWindow" is-config="true" duration-ms="0" started-at="2015-08-28T11:03:35Z" finished-at="2015-08-28T11:03:35Z">
          <params>
            <param index="0">
              <value>
                <![CDATA[[TestResult name=user_Registeration status=FAILURE method=Registeration.user_Registeration(int, int, java.lang.String, java.lang.String, java.lang.String, java.lang.String, java.lang.String)[pri:0, instance:testcase.Registeration@163dc0bb] output={null}]]]>
              </value>
            </param>
          </params>
          <reporter-output>
          </reporter-output>
        </test-method> <!-- closeWindow -->
        <test-method status="PASS" signature="logout(int, int)[pri:0, instance:testcase.Registeration@163dc0bb]" name="logout" duration-ms="17549" started-at="2015-08-28T11:03:35Z" data-provider="logout" finished-at="2015-08-28T11:03:53Z">
          <params>
            <param index="0">
              <value>
                <![CDATA[15]]>
              </value>
            </param>
            <param index="1">
              <value>
                <![CDATA[8]]>
              </value>
            </param>
          </params>
          <reporter-output>
          </reporter-output>
        </test-method> <!-- logout -->
        <test-method status="PASS" signature="closeWindow(org.testng.ITestResult)[pri:0, instance:testcase.Registeration@163dc0bb]" name="closeWindow" is-config="true" duration-ms="0" started-at="2015-08-28T11:03:53Z" finished-at="2015-08-28T11:03:53Z">
          <params>
            <param index="0">
              <value>
                <![CDATA[[TestResult name=logout status=SUCCESS method=Registeration.logout(int, int)[pri:0, instance:testcase.Registeration@163dc0bb] output={null}]]]>
              </value>
            </param>
          </params>
          <reporter-output>
          </reporter-output>
        </test-method> <!-- closeWindow -->
        <test-method status="PASS" signature="forgetPassword(int, int, java.lang.String)[pri:0, instance:testcase.Registeration@163dc0bb]" name="forgetPassword" duration-ms="33241" started-at="2015-08-28T11:03:53Z" data-provider="forgetPassword" finished-at="2015-08-28T11:04:26Z">
          <params>
            <param index="0">
              <value>
                <![CDATA[16]]>
              </value>
            </param>
            <param index="1">
              <value>
                <![CDATA[8]]>
              </value>
            </param>
            <param index="2">
              <value>
                <![CDATA[110794161@mailinator.com]]>
              </value>
            </param>
          </params>
          <reporter-output>
          </reporter-output>
        </test-method> <!-- forgetPassword -->
        <test-method status="PASS" signature="closeWindow(org.testng.ITestResult)[pri:0, instance:testcase.Registeration@163dc0bb]" name="closeWindow" is-config="true" duration-ms="0" started-at="2015-08-28T11:04:26Z" finished-at="2015-08-28T11:04:26Z">
          <params>
            <param index="0">
              <value>
                <![CDATA[[TestResult name=forgetPassword status=SUCCESS method=Registeration.forgetPassword(int, int, java.lang.String)[pri:0, instance:testcase.Registeration@163dc0bb] output={null}]]]>
              </value>
            </param>
          </params>
          <reporter-output>
          </reporter-output>
        </test-method> <!-- closeWindow -->
        <test-method status="PASS" signature="forget_pwd_email_verification(int, int, java.lang.String)[pri:0, instance:testcase.Registeration@163dc0bb]" name="forget_pwd_email_verification" duration-ms="5453" started-at="2015-08-28T11:04:26Z" data-provider="forgetPassword" finished-at="2015-08-28T11:04:32Z">
          <params>
            <param index="0">
              <value>
                <![CDATA[16]]>
              </value>
            </param>
            <param index="1">
              <value>
                <![CDATA[8]]>
              </value>
            </param>
            <param index="2">
              <value>
                <![CDATA[110794161@mailinator.com]]>
              </value>
            </param>
          </params>
          <reporter-output>
          </reporter-output>
        </test-method> <!-- forget_pwd_email_verification -->
        <test-method status="PASS" signature="closeWindow(org.testng.ITestResult)[pri:0, instance:testcase.Registeration@163dc0bb]" name="closeWindow" is-config="true" duration-ms="0" started-at="2015-08-28T11:04:32Z" finished-at="2015-08-28T11:04:32Z">
          <params>
            <param index="0">
              <value>
                <![CDATA[[TestResult name=forget_pwd_email_verification status=SUCCESS method=Registeration.forget_pwd_email_verification(int, int, java.lang.String)[pri:0, instance:testcase.Registeration@163dc0bb] output={null}]]]>
              </value>
            </param>
          </params>
          <reporter-output>
          </reporter-output>
        </test-method> <!-- closeWindow -->
        <test-method status="PASS" signature="Login(int, int, java.lang.String, java.lang.String, java.lang.String)[pri:0, instance:testcase.Registeration@163dc0bb]" name="Login" duration-ms="14171" started-at="2015-08-28T11:04:32Z" data-provider="login" finished-at="2015-08-28T11:04:46Z">
          <params>
            <param index="0">
              <value>
                <![CDATA[17]]>
              </value>
            </param>
            <param index="1">
              <value>
                <![CDATA[8]]>
              </value>
            </param>
            <param index="2">
              <value>
                <![CDATA[110794161@mailinator.com]]>
              </value>
            </param>
            <param index="3">
              <value>
                <![CDATA[f00bar12]]>
              </value>
            </param>
            <param index="4">
              <value>
                <![CDATA[Sunil]]>
              </value>
            </param>
          </params>
          <reporter-output>
          </reporter-output>
        </test-method> <!-- Login -->
        <test-method status="PASS" signature="closeWindow(org.testng.ITestResult)[pri:0, instance:testcase.Registeration@163dc0bb]" name="closeWindow" is-config="true" duration-ms="0" started-at="2015-08-28T11:04:46Z" finished-at="2015-08-28T11:04:46Z">
          <params>
            <param index="0">
              <value>
                <![CDATA[[TestResult name=Login status=SUCCESS method=Registeration.Login(int, int, java.lang.String, java.lang.String, java.lang.String)[pri:0, instance:testcase.Registeration@163dc0bb] output={null}]]]>
              </value>
            </param>
          </params>
          <reporter-output>
          </reporter-output>
        </test-method> <!-- closeWindow -->
      </class> <!-- testcase.Registeration -->
    </test> <!-- Firefox Result -->
  </suite> <!-- SA Automation -->
</testng-results>
