<?xml version="1.0" encoding="UTF-8"?>
<testng-results skipped="0" failed="0" total="31" passed="31">
  <reporter-output>
  </reporter-output>
  <suite name="SA Automation" duration-ms="315842" started-at="2015-08-26T11:28:00Z" finished-at="2015-08-26T11:33:15Z">
    <groups>
    </groups>
    <test name="Firefox Result" duration-ms="315842" started-at="2015-08-26T11:28:00Z" finished-at="2015-08-26T11:33:15Z">
      <class name="testcase.Magic_Resume_India">
        <test-method status="PASS" signature="Click_body_Improve_resume_Link(int, int)[pri:0, instance:testcase.Magic_Resume_India@536c79d7]" name="Click_body_Improve_resume_Link" duration-ms="10955" started-at="2015-08-26T17:01:48Z" data-provider="Click_body_Improve_resume_Link" finished-at="2015-08-26T17:01:59Z">
          <params>
            <param index="0">
              <value>
                <![CDATA[27]]>
              </value>
            </param>
            <param index="1">
              <value>
                <![CDATA[8]]>
              </value>
            </param>
          </params>
          <reporter-output>
          </reporter-output>
        </test-method> <!-- Click_body_Improve_resume_Link -->
        <test-method status="PASS" signature="closeWindow(org.testng.ITestResult)[pri:0, instance:testcase.Magic_Resume_India@536c79d7]" name="closeWindow" is-config="true" duration-ms="0" started-at="2015-08-26T17:01:59Z" finished-at="2015-08-26T17:01:59Z">
          <params>
            <param index="0">
              <value>
                <![CDATA[[TestResult name=Click_body_Improve_resume_Link status=SUCCESS method=Magic_Resume_India.Click_body_Improve_resume_Link(int, int)[pri:0, instance:testcase.Magic_Resume_India@536c79d7] output={null}]]]>
              </value>
            </param>
          </params>
          <reporter-output>
          </reporter-output>
        </test-method> <!-- closeWindow -->
        <test-method status="PASS" signature="click_improve_resume_lindia_ink(int, int)[pri:0, instance:testcase.Magic_Resume_India@536c79d7]" name="click_improve_resume_lindia_ink" duration-ms="13234" started-at="2015-08-26T17:01:59Z" data-provider="click_improve_resume_lindia_ink" finished-at="2015-08-26T17:02:13Z">
          <params>
            <param index="0">
              <value>
                <![CDATA[28]]>
              </value>
            </param>
            <param index="1">
              <value>
                <![CDATA[8]]>
              </value>
            </param>
          </params>
          <reporter-output>
          </reporter-output>
        </test-method> <!-- click_improve_resume_lindia_ink -->
        <test-method status="PASS" signature="closeWindow(org.testng.ITestResult)[pri:0, instance:testcase.Magic_Resume_India@536c79d7]" name="closeWindow" is-config="true" duration-ms="0" started-at="2015-08-26T17:02:13Z" finished-at="2015-08-26T17:02:13Z">
          <params>
            <param index="0">
              <value>
                <![CDATA[[TestResult name=click_improve_resume_lindia_ink status=SUCCESS method=Magic_Resume_India.click_improve_resume_lindia_ink(int, int)[pri:0, instance:testcase.Magic_Resume_India@536c79d7] output={null}]]]>
              </value>
            </param>
          </params>
          <reporter-output>
          </reporter-output>
        </test-method> <!-- closeWindow -->
        <test-method status="PASS" signature="click_MR_India_Button(int, int)[pri:0, instance:testcase.Magic_Resume_India@536c79d7]" name="click_MR_India_Button" duration-ms="17793" started-at="2015-08-26T17:02:13Z" data-provider="click_MR_India_Button" finished-at="2015-08-26T17:02:31Z">
          <params>
            <param index="0">
              <value>
                <![CDATA[29]]>
              </value>
            </param>
            <param index="1">
              <value>
                <![CDATA[8]]>
              </value>
            </param>
          </params>
          <reporter-output>
          </reporter-output>
        </test-method> <!-- click_MR_India_Button -->
        <test-method status="PASS" signature="closeWindow(org.testng.ITestResult)[pri:0, instance:testcase.Magic_Resume_India@536c79d7]" name="closeWindow" is-config="true" duration-ms="0" started-at="2015-08-26T17:02:31Z" finished-at="2015-08-26T17:02:31Z">
          <params>
            <param index="0">
              <value>
                <![CDATA[[TestResult name=click_MR_India_Button status=SUCCESS method=Magic_Resume_India.click_MR_India_Button(int, int)[pri:0, instance:testcase.Magic_Resume_India@536c79d7] output={null}]]]>
              </value>
            </param>
          </params>
          <reporter-output>
          </reporter-output>
        </test-method> <!-- closeWindow -->
        <test-method status="PASS" signature="Click_MR_India_EntryLevel_Tab(int, int)[pri:0, instance:testcase.Magic_Resume_India@536c79d7]" name="Click_MR_India_EntryLevel_Tab" duration-ms="4521" started-at="2015-08-26T17:02:31Z" data-provider="Click_MR_India_EntryLevel_Tab" finished-at="2015-08-26T17:02:35Z">
          <params>
            <param index="0">
              <value>
                <![CDATA[30]]>
              </value>
            </param>
            <param index="1">
              <value>
                <![CDATA[8]]>
              </value>
            </param>
          </params>
          <reporter-output>
          </reporter-output>
        </test-method> <!-- Click_MR_India_EntryLevel_Tab -->
        <test-method status="PASS" signature="closeWindow(org.testng.ITestResult)[pri:0, instance:testcase.Magic_Resume_India@536c79d7]" name="closeWindow" is-config="true" duration-ms="1" started-at="2015-08-26T17:02:35Z" finished-at="2015-08-26T17:02:35Z">
          <params>
            <param index="0">
              <value>
                <![CDATA[[TestResult name=Click_MR_India_EntryLevel_Tab status=SUCCESS method=Magic_Resume_India.Click_MR_India_EntryLevel_Tab(int, int)[pri:0, instance:testcase.Magic_Resume_India@536c79d7] output={null}]]]>
              </value>
            </param>
          </params>
          <reporter-output>
          </reporter-output>
        </test-method> <!-- closeWindow -->
        <test-method status="PASS" signature="Click_MR_India_MidLevel_Tab(int, int)[pri:0, instance:testcase.Magic_Resume_India@536c79d7]" name="Click_MR_India_MidLevel_Tab" duration-ms="4871" started-at="2015-08-26T17:02:35Z" data-provider="Click_MR_India_MidLevel_Tab" finished-at="2015-08-26T17:02:40Z">
          <params>
            <param index="0">
              <value>
                <![CDATA[31]]>
              </value>
            </param>
            <param index="1">
              <value>
                <![CDATA[8]]>
              </value>
            </param>
          </params>
          <reporter-output>
          </reporter-output>
        </test-method> <!-- Click_MR_India_MidLevel_Tab -->
        <test-method status="PASS" signature="closeWindow(org.testng.ITestResult)[pri:0, instance:testcase.Magic_Resume_India@536c79d7]" name="closeWindow" is-config="true" duration-ms="0" started-at="2015-08-26T17:02:40Z" finished-at="2015-08-26T17:02:40Z">
          <params>
            <param index="0">
              <value>
                <![CDATA[[TestResult name=Click_MR_India_MidLevel_Tab status=SUCCESS method=Magic_Resume_India.Click_MR_India_MidLevel_Tab(int, int)[pri:0, instance:testcase.Magic_Resume_India@536c79d7] output={null}]]]>
              </value>
            </param>
          </params>
          <reporter-output>
          </reporter-output>
        </test-method> <!-- closeWindow -->
        <test-method status="PASS" signature="Click_MR_India_SeniorLevel_Tab(int, int)[pri:0, instance:testcase.Magic_Resume_India@536c79d7]" name="Click_MR_India_SeniorLevel_Tab" duration-ms="9932" started-at="2015-08-26T17:02:40Z" data-provider="Click_MR_India_SeniorLevel_Tab" finished-at="2015-08-26T17:02:50Z">
          <params>
            <param index="0">
              <value>
                <![CDATA[32]]>
              </value>
            </param>
            <param index="1">
              <value>
                <![CDATA[8]]>
              </value>
            </param>
          </params>
          <reporter-output>
          </reporter-output>
        </test-method> <!-- Click_MR_India_SeniorLevel_Tab -->
        <test-method status="PASS" signature="closeWindow(org.testng.ITestResult)[pri:0, instance:testcase.Magic_Resume_India@536c79d7]" name="closeWindow" is-config="true" duration-ms="0" started-at="2015-08-26T17:02:50Z" finished-at="2015-08-26T17:02:50Z">
          <params>
            <param index="0">
              <value>
                <![CDATA[[TestResult name=Click_MR_India_SeniorLevel_Tab status=SUCCESS method=Magic_Resume_India.Click_MR_India_SeniorLevel_Tab(int, int)[pri:0, instance:testcase.Magic_Resume_India@536c79d7] output={null}]]]>
              </value>
            </param>
          </params>
          <reporter-output>
          </reporter-output>
        </test-method> <!-- closeWindow -->
        <test-method status="PASS" signature="click_MR_Internation_Button(int, int)[pri:0, instance:testcase.Magic_Resume_India@536c79d7]" name="click_MR_Internation_Button" duration-ms="2765" started-at="2015-08-26T17:02:50Z" data-provider="click_MR_Internation_Button" finished-at="2015-08-26T17:02:53Z">
          <params>
            <param index="0">
              <value>
                <![CDATA[33]]>
              </value>
            </param>
            <param index="1">
              <value>
                <![CDATA[8]]>
              </value>
            </param>
          </params>
          <reporter-output>
          </reporter-output>
        </test-method> <!-- click_MR_Internation_Button -->
        <test-method status="PASS" signature="closeWindow(org.testng.ITestResult)[pri:0, instance:testcase.Magic_Resume_India@536c79d7]" name="closeWindow" is-config="true" duration-ms="0" started-at="2015-08-26T17:02:53Z" finished-at="2015-08-26T17:02:53Z">
          <params>
            <param index="0">
              <value>
                <![CDATA[[TestResult name=click_MR_Internation_Button status=SUCCESS method=Magic_Resume_India.click_MR_Internation_Button(int, int)[pri:0, instance:testcase.Magic_Resume_India@536c79d7] output={null}]]]>
              </value>
            </param>
          </params>
          <reporter-output>
          </reporter-output>
        </test-method> <!-- closeWindow -->
        <test-method status="PASS" signature="Click_MR_Internation_EntryLevel_Tab(int, int)[pri:0, instance:testcase.Magic_Resume_India@536c79d7]" name="Click_MR_Internation_EntryLevel_Tab" duration-ms="6101" started-at="2015-08-26T17:02:53Z" data-provider="Click_MR_Internation_EntryLevel_Tab" finished-at="2015-08-26T17:02:59Z">
          <params>
            <param index="0">
              <value>
                <![CDATA[34]]>
              </value>
            </param>
            <param index="1">
              <value>
                <![CDATA[8]]>
              </value>
            </param>
          </params>
          <reporter-output>
          </reporter-output>
        </test-method> <!-- Click_MR_Internation_EntryLevel_Tab -->
        <test-method status="PASS" signature="closeWindow(org.testng.ITestResult)[pri:0, instance:testcase.Magic_Resume_India@536c79d7]" name="closeWindow" is-config="true" duration-ms="0" started-at="2015-08-26T17:02:59Z" finished-at="2015-08-26T17:02:59Z">
          <params>
            <param index="0">
              <value>
                <![CDATA[[TestResult name=Click_MR_Internation_EntryLevel_Tab status=SUCCESS method=Magic_Resume_India.Click_MR_Internation_EntryLevel_Tab(int, int)[pri:0, instance:testcase.Magic_Resume_India@536c79d7] output={null}]]]>
              </value>
            </param>
          </params>
          <reporter-output>
          </reporter-output>
        </test-method> <!-- closeWindow -->
        <test-method status="PASS" signature="Click_MR_Internation_MidLevel_Tab(int, int)[pri:0, instance:testcase.Magic_Resume_India@536c79d7]" name="Click_MR_Internation_MidLevel_Tab" duration-ms="8397" started-at="2015-08-26T17:02:59Z" data-provider="Click_MR_Internation_MidLevel_Tab" finished-at="2015-08-26T17:03:08Z">
          <params>
            <param index="0">
              <value>
                <![CDATA[35]]>
              </value>
            </param>
            <param index="1">
              <value>
                <![CDATA[8]]>
              </value>
            </param>
          </params>
          <reporter-output>
          </reporter-output>
        </test-method> <!-- Click_MR_Internation_MidLevel_Tab -->
        <test-method status="PASS" signature="closeWindow(org.testng.ITestResult)[pri:0, instance:testcase.Magic_Resume_India@536c79d7]" name="closeWindow" is-config="true" duration-ms="0" started-at="2015-08-26T17:03:08Z" finished-at="2015-08-26T17:03:08Z">
          <params>
            <param index="0">
              <value>
                <![CDATA[[TestResult name=Click_MR_Internation_MidLevel_Tab status=SUCCESS method=Magic_Resume_India.Click_MR_Internation_MidLevel_Tab(int, int)[pri:0, instance:testcase.Magic_Resume_India@536c79d7] output={null}]]]>
              </value>
            </param>
          </params>
          <reporter-output>
          </reporter-output>
        </test-method> <!-- closeWindow -->
        <test-method status="PASS" signature="Click_MR_Internation_SeniorLevel_Tab(int, int)[pri:0, instance:testcase.Magic_Resume_India@536c79d7]" name="Click_MR_Internation_SeniorLevel_Tab" duration-ms="5943" started-at="2015-08-26T17:03:08Z" data-provider="Click_MR_Internation_SeniorLevel_Tab" finished-at="2015-08-26T17:03:14Z">
          <params>
            <param index="0">
              <value>
                <![CDATA[36]]>
              </value>
            </param>
            <param index="1">
              <value>
                <![CDATA[8]]>
              </value>
            </param>
          </params>
          <reporter-output>
          </reporter-output>
        </test-method> <!-- Click_MR_Internation_SeniorLevel_Tab -->
        <test-method status="PASS" signature="closeWindow(org.testng.ITestResult)[pri:0, instance:testcase.Magic_Resume_India@536c79d7]" name="closeWindow" is-config="true" duration-ms="0" started-at="2015-08-26T17:03:14Z" finished-at="2015-08-26T17:03:14Z">
          <params>
            <param index="0">
              <value>
                <![CDATA[[TestResult name=Click_MR_Internation_SeniorLevel_Tab status=SUCCESS method=Magic_Resume_India.Click_MR_Internation_SeniorLevel_Tab(int, int)[pri:0, instance:testcase.Magic_Resume_India@536c79d7] output={null}]]]>
              </value>
            </param>
          </params>
          <reporter-output>
          </reporter-output>
        </test-method> <!-- closeWindow -->
      </class> <!-- testcase.Magic_Resume_India -->
      <class name="testcase.Improve_resume">
        <test-method status="PASS" signature="Improve_Resume_hover(int, int)[pri:0, instance:testcase.Improve_resume@26914f6a]" name="Improve_Resume_hover" duration-ms="12975" started-at="2015-08-26T17:00:29Z" data-provider="improve_resume_hover" finished-at="2015-08-26T17:00:42Z">
          <params>
            <param index="0">
              <value>
                <![CDATA[18]]>
              </value>
            </param>
            <param index="1">
              <value>
                <![CDATA[8]]>
              </value>
            </param>
          </params>
          <reporter-output>
          </reporter-output>
        </test-method> <!-- Improve_Resume_hover -->
        <test-method status="PASS" signature="closeWindow(org.testng.ITestResult)[pri:0, instance:testcase.Improve_resume@26914f6a]" name="closeWindow" is-config="true" duration-ms="0" started-at="2015-08-26T17:00:42Z" finished-at="2015-08-26T17:00:42Z">
          <params>
            <param index="0">
              <value>
                <![CDATA[[TestResult name=Improve_Resume_hover status=SUCCESS method=Improve_resume.Improve_Resume_hover(int, int)[pri:0, instance:testcase.Improve_resume@26914f6a] output={null}]]]>
              </value>
            </param>
          </params>
          <reporter-output>
          </reporter-output>
        </test-method> <!-- closeWindow -->
        <test-method status="PASS" signature="Click_MRI(int, int)[pri:0, instance:testcase.Improve_resume@26914f6a]" name="Click_MRI" duration-ms="8367" started-at="2015-08-26T17:00:42Z" data-provider="click_mri" finished-at="2015-08-26T17:00:50Z">
          <params>
            <param index="0">
              <value>
                <![CDATA[19]]>
              </value>
            </param>
            <param index="1">
              <value>
                <![CDATA[8]]>
              </value>
            </param>
          </params>
          <reporter-output>
          </reporter-output>
        </test-method> <!-- Click_MRI -->
        <test-method status="PASS" signature="closeWindow(org.testng.ITestResult)[pri:0, instance:testcase.Improve_resume@26914f6a]" name="closeWindow" is-config="true" duration-ms="1" started-at="2015-08-26T17:00:50Z" finished-at="2015-08-26T17:00:50Z">
          <params>
            <param index="0">
              <value>
                <![CDATA[[TestResult name=Click_MRI status=SUCCESS method=Improve_resume.Click_MRI(int, int)[pri:0, instance:testcase.Improve_resume@26914f6a] output={null}]]]>
              </value>
            </param>
          </params>
          <reporter-output>
          </reporter-output>
        </test-method> <!-- closeWindow -->
        <test-method status="PASS" signature="Click_MR_International(int, int)[pri:0, instance:testcase.Improve_resume@26914f6a]" name="Click_MR_International" duration-ms="10328" started-at="2015-08-26T17:00:50Z" data-provider="click_mr_international" finished-at="2015-08-26T17:01:01Z">
          <params>
            <param index="0">
              <value>
                <![CDATA[20]]>
              </value>
            </param>
            <param index="1">
              <value>
                <![CDATA[8]]>
              </value>
            </param>
          </params>
          <reporter-output>
          </reporter-output>
        </test-method> <!-- Click_MR_International -->
        <test-method status="PASS" signature="closeWindow(org.testng.ITestResult)[pri:0, instance:testcase.Improve_resume@26914f6a]" name="closeWindow" is-config="true" duration-ms="0" started-at="2015-08-26T17:01:01Z" finished-at="2015-08-26T17:01:01Z">
          <params>
            <param index="0">
              <value>
                <![CDATA[[TestResult name=Click_MR_International status=SUCCESS method=Improve_resume.Click_MR_International(int, int)[pri:0, instance:testcase.Improve_resume@26914f6a] output={null}]]]>
              </value>
            </param>
          </params>
          <reporter-output>
          </reporter-output>
        </test-method> <!-- closeWindow -->
        <test-method status="PASS" signature="click_ResumeCritique(int, int)[pri:0, instance:testcase.Improve_resume@26914f6a]" name="click_ResumeCritique" duration-ms="6024" started-at="2015-08-26T17:01:01Z" data-provider="click_resume_critique" finished-at="2015-08-26T17:01:07Z">
          <params>
            <param index="0">
              <value>
                <![CDATA[21]]>
              </value>
            </param>
            <param index="1">
              <value>
                <![CDATA[8]]>
              </value>
            </param>
          </params>
          <reporter-output>
          </reporter-output>
        </test-method> <!-- click_ResumeCritique -->
        <test-method status="PASS" signature="closeWindow(org.testng.ITestResult)[pri:0, instance:testcase.Improve_resume@26914f6a]" name="closeWindow" is-config="true" duration-ms="0" started-at="2015-08-26T17:01:07Z" finished-at="2015-08-26T17:01:07Z">
          <params>
            <param index="0">
              <value>
                <![CDATA[[TestResult name=click_ResumeCritique status=SUCCESS method=Improve_resume.click_ResumeCritique(int, int)[pri:0, instance:testcase.Improve_resume@26914f6a] output={null}]]]>
              </value>
            </param>
          </params>
          <reporter-output>
          </reporter-output>
        </test-method> <!-- closeWindow -->
        <test-method status="PASS" signature="click_socialprofiler(int, int)[pri:0, instance:testcase.Improve_resume@26914f6a]" name="click_socialprofiler" duration-ms="6198" started-at="2015-08-26T17:01:07Z" data-provider="click_social_profiler" finished-at="2015-08-26T17:01:13Z">
          <params>
            <param index="0">
              <value>
                <![CDATA[22]]>
              </value>
            </param>
            <param index="1">
              <value>
                <![CDATA[8]]>
              </value>
            </param>
          </params>
          <reporter-output>
          </reporter-output>
        </test-method> <!-- click_socialprofiler -->
        <test-method status="PASS" signature="closeWindow(org.testng.ITestResult)[pri:0, instance:testcase.Improve_resume@26914f6a]" name="closeWindow" is-config="true" duration-ms="1" started-at="2015-08-26T17:01:13Z" finished-at="2015-08-26T17:01:13Z">
          <params>
            <param index="0">
              <value>
                <![CDATA[[TestResult name=click_socialprofiler status=SUCCESS method=Improve_resume.click_socialprofiler(int, int)[pri:0, instance:testcase.Improve_resume@26914f6a] output={null}]]]>
              </value>
            </param>
          </params>
          <reporter-output>
          </reporter-output>
        </test-method> <!-- closeWindow -->
        <test-method status="PASS" signature="click_visual_resume(int, int)[pri:0, instance:testcase.Improve_resume@26914f6a]" name="click_visual_resume" duration-ms="12959" started-at="2015-08-26T17:01:13Z" data-provider="click_viewresume" finished-at="2015-08-26T17:01:26Z">
          <params>
            <param index="0">
              <value>
                <![CDATA[26]]>
              </value>
            </param>
            <param index="1">
              <value>
                <![CDATA[8]]>
              </value>
            </param>
          </params>
          <reporter-output>
          </reporter-output>
        </test-method> <!-- click_visual_resume -->
        <test-method status="PASS" signature="closeWindow(org.testng.ITestResult)[pri:0, instance:testcase.Improve_resume@26914f6a]" name="closeWindow" is-config="true" duration-ms="0" started-at="2015-08-26T17:01:26Z" finished-at="2015-08-26T17:01:26Z">
          <params>
            <param index="0">
              <value>
                <![CDATA[[TestResult name=click_visual_resume status=SUCCESS method=Improve_resume.click_visual_resume(int, int)[pri:0, instance:testcase.Improve_resume@26914f6a] output={null}]]]>
              </value>
            </param>
          </params>
          <reporter-output>
          </reporter-output>
        </test-method> <!-- closeWindow -->
        <test-method status="PASS" signature="click_visual_resume_premium(int, int)[pri:0, instance:testcase.Improve_resume@26914f6a]" name="click_visual_resume_premium" duration-ms="4377" started-at="2015-08-26T17:01:26Z" data-provider="click_Visual_resume_premium" finished-at="2015-08-26T17:01:31Z">
          <params>
            <param index="0">
              <value>
                <![CDATA[23]]>
              </value>
            </param>
            <param index="1">
              <value>
                <![CDATA[8]]>
              </value>
            </param>
          </params>
          <reporter-output>
          </reporter-output>
        </test-method> <!-- click_visual_resume_premium -->
        <test-method status="PASS" signature="closeWindow(org.testng.ITestResult)[pri:0, instance:testcase.Improve_resume@26914f6a]" name="closeWindow" is-config="true" duration-ms="0" started-at="2015-08-26T17:01:31Z" finished-at="2015-08-26T17:01:31Z">
          <params>
            <param index="0">
              <value>
                <![CDATA[[TestResult name=click_visual_resume_premium status=SUCCESS method=Improve_resume.click_visual_resume_premium(int, int)[pri:0, instance:testcase.Improve_resume@26914f6a] output={null}]]]>
              </value>
            </param>
          </params>
          <reporter-output>
          </reporter-output>
        </test-method> <!-- closeWindow -->
        <test-method status="PASS" signature="click_view_all_services(int, int)[pri:0, instance:testcase.Improve_resume@26914f6a]" name="click_view_all_services" duration-ms="10894" started-at="2015-08-26T17:01:31Z" data-provider="click_viewall_services" finished-at="2015-08-26T17:01:42Z">
          <params>
            <param index="0">
              <value>
                <![CDATA[24]]>
              </value>
            </param>
            <param index="1">
              <value>
                <![CDATA[8]]>
              </value>
            </param>
          </params>
          <reporter-output>
          </reporter-output>
        </test-method> <!-- click_view_all_services -->
        <test-method status="PASS" signature="closeWindow(org.testng.ITestResult)[pri:0, instance:testcase.Improve_resume@26914f6a]" name="closeWindow" is-config="true" duration-ms="0" started-at="2015-08-26T17:01:42Z" finished-at="2015-08-26T17:01:42Z">
          <params>
            <param index="0">
              <value>
                <![CDATA[[TestResult name=click_view_all_services status=SUCCESS method=Improve_resume.click_view_all_services(int, int)[pri:0, instance:testcase.Improve_resume@26914f6a] output={null}]]]>
              </value>
            </param>
          </params>
          <reporter-output>
          </reporter-output>
        </test-method> <!-- closeWindow -->
        <test-method status="PASS" signature="click_view_sample_resume(int, int)[pri:0, instance:testcase.Improve_resume@26914f6a]" name="click_view_sample_resume" duration-ms="6357" started-at="2015-08-26T17:01:42Z" data-provider="click_view_on_samples" finished-at="2015-08-26T17:01:48Z">
          <params>
            <param index="0">
              <value>
                <![CDATA[25]]>
              </value>
            </param>
            <param index="1">
              <value>
                <![CDATA[8]]>
              </value>
            </param>
          </params>
          <reporter-output>
          </reporter-output>
        </test-method> <!-- click_view_sample_resume -->
        <test-method status="PASS" signature="closeWindow(org.testng.ITestResult)[pri:0, instance:testcase.Improve_resume@26914f6a]" name="closeWindow" is-config="true" duration-ms="114" started-at="2015-08-26T17:01:48Z" finished-at="2015-08-26T17:01:48Z">
          <params>
            <param index="0">
              <value>
                <![CDATA[[TestResult name=click_view_sample_resume status=SUCCESS method=Improve_resume.click_view_sample_resume(int, int)[pri:0, instance:testcase.Improve_resume@26914f6a] output={null}]]]>
              </value>
            </param>
          </params>
          <reporter-output>
          </reporter-output>
        </test-method> <!-- closeWindow -->
      </class> <!-- testcase.Improve_resume -->
      <class name="testcase.Registeration">
        <test-method status="PASS" signature="openBrowser(java.lang.String, java.lang.String)[pri:0, instance:testcase.Registeration@3295cfbe]" name="openBrowser" is-config="true" duration-ms="16135" started-at="2015-08-26T16:58:00Z" finished-at="2015-08-26T16:58:16Z">
          <params>
            <param index="0">
              <value>
                <![CDATA[FIREFOX]]>
              </value>
            </param>
            <param index="1">
              <value>
                <![CDATA[http://ecm.timesjobs.com/]]>
              </value>
            </param>
          </params>
          <reporter-output>
          </reporter-output>
        </test-method> <!-- openBrowser -->
        <test-method status="PASS" signature="openRegisteration(int, int)[pri:0, instance:testcase.Registeration@3295cfbe]" name="openRegisteration" duration-ms="2273" started-at="2015-08-26T16:58:34Z" data-provider="open_shutter_singnin" finished-at="2015-08-26T16:58:36Z">
          <params>
            <param index="0">
              <value>
                <![CDATA[10]]>
              </value>
            </param>
            <param index="1">
              <value>
                <![CDATA[8]]>
              </value>
            </param>
          </params>
          <reporter-output>
          </reporter-output>
        </test-method> <!-- openRegisteration -->
        <test-method status="PASS" signature="closeWindow(org.testng.ITestResult)[pri:0, instance:testcase.Registeration@3295cfbe]" name="closeWindow" is-config="true" duration-ms="0" started-at="2015-08-26T16:58:36Z" finished-at="2015-08-26T16:58:36Z">
          <params>
            <param index="0">
              <value>
                <![CDATA[[TestResult name=openRegisteration status=SUCCESS method=Registeration.openRegisteration(int, int)[pri:0, instance:testcase.Registeration@3295cfbe] output={null}]]]>
              </value>
            </param>
          </params>
          <reporter-output>
          </reporter-output>
        </test-method> <!-- closeWindow -->
        <test-method status="PASS" signature="closeRegisteration_Shutter(int, int)[pri:0, instance:testcase.Registeration@3295cfbe]" name="closeRegisteration_Shutter" duration-ms="3373" started-at="2015-08-26T16:58:36Z" data-provider="close_shutter_singnin" finished-at="2015-08-26T16:58:40Z">
          <params>
            <param index="0">
              <value>
                <![CDATA[12]]>
              </value>
            </param>
            <param index="1">
              <value>
                <![CDATA[8]]>
              </value>
            </param>
          </params>
          <reporter-output>
          </reporter-output>
        </test-method> <!-- closeRegisteration_Shutter -->
        <test-method status="PASS" signature="closeWindow(org.testng.ITestResult)[pri:0, instance:testcase.Registeration@3295cfbe]" name="closeWindow" is-config="true" duration-ms="0" started-at="2015-08-26T16:58:40Z" finished-at="2015-08-26T16:58:40Z">
          <params>
            <param index="0">
              <value>
                <![CDATA[[TestResult name=closeRegisteration_Shutter status=SUCCESS method=Registeration.closeRegisteration_Shutter(int, int)[pri:0, instance:testcase.Registeration@3295cfbe] output={null}]]]>
              </value>
            </param>
          </params>
          <reporter-output>
          </reporter-output>
        </test-method> <!-- closeWindow -->
        <test-method status="PASS" signature="user_Registeration_Validations(int, int)[pri:0, instance:testcase.Registeration@3295cfbe]" name="user_Registeration_Validations" duration-ms="12459" started-at="2015-08-26T16:58:40Z" data-provider="registeration_validations" finished-at="2015-08-26T16:58:52Z">
          <params>
            <param index="0">
              <value>
                <![CDATA[13]]>
              </value>
            </param>
            <param index="1">
              <value>
                <![CDATA[8]]>
              </value>
            </param>
          </params>
          <reporter-output>
          </reporter-output>
        </test-method> <!-- user_Registeration_Validations -->
        <test-method status="PASS" signature="closeWindow(org.testng.ITestResult)[pri:0, instance:testcase.Registeration@3295cfbe]" name="closeWindow" is-config="true" duration-ms="0" started-at="2015-08-26T16:58:52Z" finished-at="2015-08-26T16:58:52Z">
          <params>
            <param index="0">
              <value>
                <![CDATA[[TestResult name=user_Registeration_Validations status=SUCCESS method=Registeration.user_Registeration_Validations(int, int)[pri:0, instance:testcase.Registeration@3295cfbe] output={null}]]]>
              </value>
            </param>
          </params>
          <reporter-output>
          </reporter-output>
        </test-method> <!-- closeWindow -->
        <test-method status="PASS" signature="user_Registeration(int, int, java.lang.String, java.lang.String, java.lang.String, java.lang.String, java.lang.String)[pri:0, instance:testcase.Registeration@3295cfbe]" name="user_Registeration" duration-ms="28745" started-at="2015-08-26T16:58:53Z" data-provider="user_registeration" finished-at="2015-08-26T16:59:21Z">
          <params>
            <param index="0">
              <value>
                <![CDATA[14]]>
              </value>
            </param>
            <param index="1">
              <value>
                <![CDATA[8]]>
              </value>
            </param>
            <param index="2">
              <value>
                <![CDATA[Sunil]]>
              </value>
            </param>
            <param index="3">
              <value>
                <![CDATA[174412132@mailinator.com]]>
              </value>
            </param>
            <param index="4">
              <value>
                <![CDATA[f00bar12]]>
              </value>
            </param>
            <param index="5">
              <value>
                <![CDATA[f00bar12]]>
              </value>
            </param>
            <param index="6">
              <value>
                <![CDATA[9910881849]]>
              </value>
            </param>
          </params>
          <reporter-output>
          </reporter-output>
        </test-method> <!-- user_Registeration -->
        <test-method status="PASS" signature="closeWindow(org.testng.ITestResult)[pri:0, instance:testcase.Registeration@3295cfbe]" name="closeWindow" is-config="true" duration-ms="0" started-at="2015-08-26T16:59:21Z" finished-at="2015-08-26T16:59:21Z">
          <params>
            <param index="0">
              <value>
                <![CDATA[[TestResult name=user_Registeration status=SUCCESS method=Registeration.user_Registeration(int, int, java.lang.String, java.lang.String, java.lang.String, java.lang.String, java.lang.String)[pri:0, instance:testcase.Registeration@3295cfbe] output={null}]]]>
              </value>
            </param>
          </params>
          <reporter-output>
          </reporter-output>
        </test-method> <!-- closeWindow -->
        <test-method status="PASS" signature="logout(int, int)[pri:0, instance:testcase.Registeration@3295cfbe]" name="logout" duration-ms="10635" started-at="2015-08-26T16:59:21Z" data-provider="logout" finished-at="2015-08-26T16:59:32Z">
          <params>
            <param index="0">
              <value>
                <![CDATA[15]]>
              </value>
            </param>
            <param index="1">
              <value>
                <![CDATA[8]]>
              </value>
            </param>
          </params>
          <reporter-output>
          </reporter-output>
        </test-method> <!-- logout -->
        <test-method status="PASS" signature="closeWindow(org.testng.ITestResult)[pri:0, instance:testcase.Registeration@3295cfbe]" name="closeWindow" is-config="true" duration-ms="1" started-at="2015-08-26T16:59:32Z" finished-at="2015-08-26T16:59:32Z">
          <params>
            <param index="0">
              <value>
                <![CDATA[[TestResult name=logout status=SUCCESS method=Registeration.logout(int, int)[pri:0, instance:testcase.Registeration@3295cfbe] output={null}]]]>
              </value>
            </param>
          </params>
          <reporter-output>
          </reporter-output>
        </test-method> <!-- closeWindow -->
        <test-method status="PASS" signature="forgetPassword(int, int, java.lang.String)[pri:0, instance:testcase.Registeration@3295cfbe]" name="forgetPassword" duration-ms="36965" started-at="2015-08-26T16:59:32Z" data-provider="forgetPassword" finished-at="2015-08-26T17:00:09Z">
          <params>
            <param index="0">
              <value>
                <![CDATA[16]]>
              </value>
            </param>
            <param index="1">
              <value>
                <![CDATA[8]]>
              </value>
            </param>
            <param index="2">
              <value>
                <![CDATA[174412132@mailinator.com]]>
              </value>
            </param>
          </params>
          <reporter-output>
          </reporter-output>
        </test-method> <!-- forgetPassword -->
        <test-method status="PASS" signature="closeWindow(org.testng.ITestResult)[pri:0, instance:testcase.Registeration@3295cfbe]" name="closeWindow" is-config="true" duration-ms="0" started-at="2015-08-26T17:00:09Z" finished-at="2015-08-26T17:00:09Z">
          <params>
            <param index="0">
              <value>
                <![CDATA[[TestResult name=forgetPassword status=SUCCESS method=Registeration.forgetPassword(int, int, java.lang.String)[pri:0, instance:testcase.Registeration@3295cfbe] output={null}]]]>
              </value>
            </param>
          </params>
          <reporter-output>
          </reporter-output>
        </test-method> <!-- closeWindow -->
        <test-method status="PASS" signature="forget_pwd_email_verification(int, int, java.lang.String)[pri:0, instance:testcase.Registeration@3295cfbe]" name="forget_pwd_email_verification" duration-ms="3478" started-at="2015-08-26T17:00:09Z" data-provider="forgetPassword" finished-at="2015-08-26T17:00:13Z">
          <params>
            <param index="0">
              <value>
                <![CDATA[16]]>
              </value>
            </param>
            <param index="1">
              <value>
                <![CDATA[8]]>
              </value>
            </param>
            <param index="2">
              <value>
                <![CDATA[174412132@mailinator.com]]>
              </value>
            </param>
          </params>
          <reporter-output>
          </reporter-output>
        </test-method> <!-- forget_pwd_email_verification -->
        <test-method status="PASS" signature="closeWindow(org.testng.ITestResult)[pri:0, instance:testcase.Registeration@3295cfbe]" name="closeWindow" is-config="true" duration-ms="0" started-at="2015-08-26T17:00:13Z" finished-at="2015-08-26T17:00:13Z">
          <params>
            <param index="0">
              <value>
                <![CDATA[[TestResult name=forget_pwd_email_verification status=SUCCESS method=Registeration.forget_pwd_email_verification(int, int, java.lang.String)[pri:0, instance:testcase.Registeration@3295cfbe] output={null}]]]>
              </value>
            </param>
          </params>
          <reporter-output>
          </reporter-output>
        </test-method> <!-- closeWindow -->
        <test-method status="PASS" signature="Login(int, int, java.lang.String, java.lang.String, java.lang.String)[pri:0, instance:testcase.Registeration@3295cfbe]" name="Login" duration-ms="15669" started-at="2015-08-26T17:00:13Z" data-provider="login" finished-at="2015-08-26T17:00:29Z">
          <params>
            <param index="0">
              <value>
                <![CDATA[17]]>
              </value>
            </param>
            <param index="1">
              <value>
                <![CDATA[8]]>
              </value>
            </param>
            <param index="2">
              <value>
                <![CDATA[174412132@mailinator.com]]>
              </value>
            </param>
            <param index="3">
              <value>
                <![CDATA[f00bar12]]>
              </value>
            </param>
            <param index="4">
              <value>
                <![CDATA[Sunil]]>
              </value>
            </param>
          </params>
          <reporter-output>
          </reporter-output>
        </test-method> <!-- Login -->
        <test-method status="PASS" signature="closeWindow(org.testng.ITestResult)[pri:0, instance:testcase.Registeration@3295cfbe]" name="closeWindow" is-config="true" duration-ms="0" started-at="2015-08-26T17:00:29Z" finished-at="2015-08-26T17:00:29Z">
          <params>
            <param index="0">
              <value>
                <![CDATA[[TestResult name=Login status=SUCCESS method=Registeration.Login(int, int, java.lang.String, java.lang.String, java.lang.String)[pri:0, instance:testcase.Registeration@3295cfbe] output={null}]]]>
              </value>
            </param>
          </params>
          <reporter-output>
          </reporter-output>
        </test-method> <!-- closeWindow -->
        <test-method status="PASS" signature="closeBrowser()[pri:0, instance:testcase.Registeration@3295cfbe]" name="closeBrowser" is-config="true" duration-ms="1584" started-at="2015-08-26T17:03:14Z" finished-at="2015-08-26T17:03:15Z">
          <reporter-output>
          </reporter-output>
        </test-method> <!-- closeBrowser -->
      </class> <!-- testcase.Registeration -->
      <class name="testcase.contactus_query">
        <test-method status="PASS" signature="open_contact_us(int, int)[pri:0, instance:testcase.contactus_query@163dc0bb]" name="open_contact_us" duration-ms="696" started-at="2015-08-26T16:58:17Z" data-provider="open_shutter" finished-at="2015-08-26T16:58:18Z">
          <params>
            <param index="0">
              <value>
                <![CDATA[5]]>
              </value>
            </param>
            <param index="1">
              <value>
                <![CDATA[8]]>
              </value>
            </param>
          </params>
          <reporter-output>
          </reporter-output>
        </test-method> <!-- open_contact_us -->
        <test-method status="PASS" signature="closeWindow(org.testng.ITestResult)[pri:0, instance:testcase.contactus_query@163dc0bb]" name="closeWindow" is-config="true" duration-ms="0" started-at="2015-08-26T16:58:18Z" finished-at="2015-08-26T16:58:18Z">
          <params>
            <param index="0">
              <value>
                <![CDATA[[TestResult name=open_contact_us status=SUCCESS method=contactus_query.open_contact_us(int, int)[pri:0, instance:testcase.contactus_query@163dc0bb] output={null}]]]>
              </value>
            </param>
          </params>
          <reporter-output>
          </reporter-output>
        </test-method> <!-- closeWindow -->
        <test-method status="PASS" signature="close_contact_us(int, int)[pri:0, instance:testcase.contactus_query@163dc0bb]" name="close_contact_us" duration-ms="649" started-at="2015-08-26T16:58:19Z" data-provider="close_shutter" finished-at="2015-08-26T16:58:19Z">
          <params>
            <param index="0">
              <value>
                <![CDATA[7]]>
              </value>
            </param>
            <param index="1">
              <value>
                <![CDATA[8]]>
              </value>
            </param>
          </params>
          <reporter-output>
          </reporter-output>
        </test-method> <!-- close_contact_us -->
        <test-method status="PASS" signature="closeWindow(org.testng.ITestResult)[pri:0, instance:testcase.contactus_query@163dc0bb]" name="closeWindow" is-config="true" duration-ms="0" started-at="2015-08-26T16:58:20Z" finished-at="2015-08-26T16:58:20Z">
          <params>
            <param index="0">
              <value>
                <![CDATA[[TestResult name=close_contact_us status=SUCCESS method=contactus_query.close_contact_us(int, int)[pri:0, instance:testcase.contactus_query@163dc0bb] output={null}]]]>
              </value>
            </param>
          </params>
          <reporter-output>
          </reporter-output>
        </test-method> <!-- closeWindow -->
        <test-method status="PASS" signature="submitQuery_Validations(int, int)[pri:0, instance:testcase.contactus_query@163dc0bb]" name="submitQuery_Validations" duration-ms="6695" started-at="2015-08-26T16:58:20Z" data-provider="query_validation" finished-at="2015-08-26T16:58:26Z">
          <params>
            <param index="0">
              <value>
                <![CDATA[8]]>
              </value>
            </param>
            <param index="1">
              <value>
                <![CDATA[8]]>
              </value>
            </param>
          </params>
          <reporter-output>
          </reporter-output>
        </test-method> <!-- submitQuery_Validations -->
        <test-method status="PASS" signature="closeWindow(org.testng.ITestResult)[pri:0, instance:testcase.contactus_query@163dc0bb]" name="closeWindow" is-config="true" duration-ms="0" started-at="2015-08-26T16:58:27Z" finished-at="2015-08-26T16:58:27Z">
          <params>
            <param index="0">
              <value>
                <![CDATA[[TestResult name=submitQuery_Validations status=SUCCESS method=contactus_query.submitQuery_Validations(int, int)[pri:0, instance:testcase.contactus_query@163dc0bb] output={null}]]]>
              </value>
            </param>
          </params>
          <reporter-output>
          </reporter-output>
        </test-method> <!-- closeWindow -->
        <test-method status="PASS" signature="submitQuery(int, int, java.lang.String, java.lang.String, java.lang.String, java.lang.String)[pri:0, instance:testcase.contactus_query@163dc0bb]" name="submitQuery" duration-ms="7138" started-at="2015-08-26T16:58:27Z" data-provider="query" finished-at="2015-08-26T16:58:34Z">
          <params>
            <param index="0">
              <value>
                <![CDATA[9]]>
              </value>
            </param>
            <param index="1">
              <value>
                <![CDATA[8]]>
              </value>
            </param>
            <param index="2">
              <value>
                <![CDATA[Sunil]]>
              </value>
            </param>
            <param index="3">
              <value>
                <![CDATA[sunil211@mailinator.com]]>
              </value>
            </param>
            <param index="4">
              <value>
                <![CDATA[9910881849]]>
              </value>
            </param>
            <param index="5">
              <value>
                <![CDATA[Great Guys keep it up]]>
              </value>
            </param>
          </params>
          <reporter-output>
          </reporter-output>
        </test-method> <!-- submitQuery -->
        <test-method status="PASS" signature="closeWindow(org.testng.ITestResult)[pri:0, instance:testcase.contactus_query@163dc0bb]" name="closeWindow" is-config="true" duration-ms="0" started-at="2015-08-26T16:58:34Z" finished-at="2015-08-26T16:58:34Z">
          <params>
            <param index="0">
              <value>
                <![CDATA[[TestResult name=submitQuery status=SUCCESS method=contactus_query.submitQuery(int, int, java.lang.String, java.lang.String, java.lang.String, java.lang.String)[pri:0, instance:testcase.contactus_query@163dc0bb] output={null}]]]>
              </value>
            </param>
          </params>
          <reporter-output>
          </reporter-output>
        </test-method> <!-- closeWindow -->
      </class> <!-- testcase.contactus_query -->
    </test> <!-- Firefox Result -->
  </suite> <!-- SA Automation -->
</testng-results>
